<?xml version="1.0" encoding="UTF-8" ?>
<testsuite errors="1" failures="2" hostname="DESKTOP-AQ97O65" name="twitter.staff.GradingExtractTest" skipped="0" tests="21" time="0.158" timestamp="2023-02-26T04:23:06">
  <properties>
[...]
</properties>
  <testcase classname="twitter.staff.GradingExtractTest" name="testGetMentionedUsersSingleMentionSingleTweet" time="0.004" />
  <testcase classname="twitter.staff.GradingExtractTest" name="testGetTimespanMultipleStampsWithDuplicates" time="0.001" />
  <testcase classname="twitter.staff.GradingExtractTest" name="testGetMentionedUsersEmailAddress" time="0.008">
    <failure message="expected empty set" type="junit.framework.AssertionFailedError">junit.framework.AssertionFailedError: expected empty set
	at twitter.staff.GradingExtractTest.testGetMentionedUsersEmailAddress(GradingExtractTest.java:265)
	at java.base/jdk.internal.reflect.NativeMethodAccessorImpl.invoke0(Native Method)
	at java.base/jdk.internal.reflect.NativeMethodAccessorImpl.invoke(NativeMethodAccessorImpl.java:77)
	at java.base/jdk.internal.reflect.DelegatingMethodAccessorImpl.invoke(DelegatingMethodAccessorImpl.java:43)
</failure>
  </testcase>
  <testcase classname="twitter.staff.GradingExtractTest" name="testGetMentionedUsersUsernameEndedByPunctuation" time="0.001" />
  <testcase classname="twitter.staff.GradingExtractTest" name="testGetMentionedUsersMultipleMentionsMultipleTweets" time="0.001" />
  <testcase classname="twitter.staff.GradingExtractTest" name="testGetMentionedUsersSingleMentionMultipleTweetsMustBeCaseInsensitive" time="0.001" />
  <testcase classname="twitter.staff.GradingExtractTest" name="testGetMentionedUsersUsernameIsHyphenated" time="0.001">
    <failure message="unexpected user in set" type="junit.framework.AssertionFailedError">junit.framework.AssertionFailedError: unexpected user in set
	at twitter.staff.GradingExtractTest.testGetMentionedUsersUsernameIsHyphenated(GradingExtractTest.java:319)
	at java.base/jdk.internal.reflect.NativeMethodAccessorImpl.invoke0(Native Method)
	at java.base/jdk.internal.reflect.NativeMethodAccessorImpl.invoke(NativeMethodAccessorImpl.java:77)
	at java.base/jdk.internal.reflect.DelegatingMethodAccessorImpl.invoke(DelegatingMethodAccessorImpl.java:43)
</failure>
  </testcase>
  <testcase classname="twitter.staff.GradingExtractTest" name="testGetMentionedUsersInvalidFollowingCharacters" time="0.001" />
  <testcase classname="twitter.staff.GradingExtractTest" name="testGetMentionedUsersUnderscores" time="0.001" />
  <testcase classname="twitter.staff.GradingExtractTest" name="testGetTimespanTwoDifferentStamps" time="0.0" />
  <testcase classname="twitter.staff.GradingExtractTest" name="testGetTimespanMultipleStampsWithoutDuplicates" time="0.0" />
  <testcase classname="twitter.staff.GradingExtractTest" name="testGetMentionedUsersEmptyList" time="0.0" />
  <testcase classname="twitter.staff.GradingExtractTest" name="testGetTimespanTwoDuplicateStamps" time="0.0" />
  <testcase classname="twitter.staff.GradingExtractTest" name="testGetMentionedUsersPreceededByPunctuation" time="0.001" />
  <testcase classname="twitter.staff.GradingExtractTest" name="testGetTimespanEmptyListAlwaysReturnsZeroLengthTimespan" time="0.0">
    <error message="tweets size == 0" type="java.lang.IllegalArgumentException">java.lang.IllegalArgumentException: tweets size == 0
	at twitter.Extract.getTimespan(Extract.java:29)
	at twitter.staff.GradingExtractTest.testGetTimespanEmptyListAlwaysReturnsZeroLengthTimespan(GradingExtractTest.java:48)
	at java.base/jdk.internal.reflect.NativeMethodAccessorImpl.invoke0(Native Method)
	at java.base/jdk.internal.reflect.NativeMethodAccessorImpl.invoke(NativeMethodAccessorImpl.java:77)
	at java.base/jdk.internal.reflect.DelegatingMethodAccessorImpl.invoke(DelegatingMethodAccessorImpl.java:43)
</error>
  </testcase>
  <testcase classname="twitter.staff.GradingExtractTest" name="testGetMentionedUsersSingleAtSignNoFollowingUsername" time="0.0" />
  <testcase classname="twitter.staff.GradingExtractTest" name="testGetMentionedUsersMultipleMentionsSingleTweet" time="0.0" />
  <testcase classname="twitter.staff.GradingExtractTest" name="testGetMentionedUsersSingleMentionMultipleTweets" time="0.0" />
  <testcase classname="twitter.staff.GradingExtractTest" name="testGetTimespanSingleTweet" time="0.0" />
  <testcase classname="twitter.staff.GradingExtractTest" name="testGetMentionedUsersNoMentionsSingleTweet" time="0.0" />
  <testcase classname="twitter.staff.GradingExtractTest" name="testGetMentionedUsersMultipleAtSigns" time="0.001" />
  <system-out><![CDATA[]]></system-out>
  <system-err><![CDATA[]]></system-err>
</testsuite>
