<?xml version="1.0" encoding="UTF-8" ?>
<testsuite errors="1" failures="2" hostname="DESKTOP-AQ97O65" name="twitter.staff.GradingExtractTest" skipped="0" tests="21" time="0.158" timestamp="2023-02-26T04:23:06">
  <properties>
    <property name="ant.library.dir" value="C:\Users\winph\.p2\pool\plugins\org.apache.ant_1.10.12.v20211102-1452\lib" />
    <property name="java.specification.version" value="17" />
    <property name="sun.cpu.isalist" value="amd64" />
    <property name="sun.jnu.encoding" value="GBK" />
    <property name="which.tests.ran" value="BETA + FINAL" />
    <property name="java.class.path" value="C:\Users\winph\eclipse-workspace\6.005\ps2-tweets\lib\junit-4.12.jar;C:\Users\winph\eclipse-workspace\6.005\ps2-tweets\lib\hamcrest-core-1.3.jar;C:\Users\winph\eclipse-workspace\6.005\ps2-tweets\.grader\bin-tests-final;C:\Users\winph\eclipse-workspace\6.005\ps2-tweets\.grader\bin-impls-student;C:\Users\winph\.p2\pool\plugins\org.apache.ant_1.10.12.v20211102-1452\lib\ant-launcher.jar;C:\Users\winph\.p2\pool\plugins\org.apache.ant_1.10.12.v20211102-1452\lib\ant.jar;C:\Users\winph\.p2\pool\plugins\org.apache.ant_1.10.12.v20211102-1452\lib\ant-junit.jar;C:\Users\winph\.p2\pool\plugins\org.apache.ant_1.10.12.v20211102-1452\lib\ant-junit4.jar" />
    <property name="project.name" value="ps2-tweets" />
    <property name="java.vm.vendor" value="Oracle Corporation" />
    <property name="sun.arch.data.model" value="64" />
    <property name="user.variant" value="" />
    <property name="java.vendor.url" value="https://java.oracle.com/" />
    <property name="os.name" value="Windows 10" />
    <property name="java.vm.specification.version" value="17" />
    <property name="build.sysclasspath" value="ignore" />
    <property name="sun.java.launcher" value="SUN_STANDARD" />
    <property name="user.country" value="CN" />
    <property name="sun.boot.library.path" value="C:\Program Files\Java\jdk-17\bin" />
    <property name="problem.set" value="ps2" />
    <property name="sun.java.command" value="org.apache.tools.ant.taskdefs.optional.junit.JUnitTestRunner twitter.staff.GradingExtractTest skipNonTests=false filtertrace=true haltOnError=false haltOnFailure=false showoutput=false outputtoformatters=true logfailedtests=true threadid=0 logtestlistenerevents=false formatter=org.apache.tools.ant.taskdefs.optional.junit.XMLJUnitResultFormatter,C:\Users\winph\eclipse-workspace\6.005\ps2-tweets\.grader\TEST-twitter.staff.GradingExtractTest.xml crashfile=C:\Users\winph\eclipse-workspace\6.005\ps2-tweets\.grader\junitvmwatcher4771086243307100277.properties propsfile=C:\Users\winph\eclipse-workspace\6.005\ps2-tweets\.grader\junit11988341839149243706.properties" />
    <property name="zipfile" value="my-submission.zip" />
    <property name="jdk.debug" value="release" />
    <property name="sun.cpu.endian" value="little" />
    <property name="beta.grader.jar" value="ps2-beta-grader.jar" />
    <property name="user.home" value="C:\Users\winph" />
    <property name="user.language" value="zh" />
    <property name="grader.report.file" value="my-grader-report.xml" />
    <property name="java.specification.vendor" value="Oracle Corporation" />
    <property name="java.version.date" value="2023-01-17" />
    <property name="java.home" value="C:\Program Files\Java\jdk-17" />
    <property name="basedir" value="C:\Users\winph\eclipse-workspace\6.005\ps2-tweets" />
    <property name="file.separator" value="\" />
    <property name="java.vm.compressedOopsMode" value="Zero based" />
    <property name="line.separator" value="&#xd;&#xa;" />
    <property name="ant.java.version" value="17" />
    <property name="java.vm.specification.vendor" value="Oracle Corporation" />
    <property name="java.specification.name" value="Java Platform API Specification" />
    <property name="final.grader.jar" value="ps2-final-grader.jar" />
    <property name="user.script" value="" />
    <property name="sun.management.compiler" value="HotSpot 64-Bit Tiered Compilers" />
    <property name="java.runtime.version" value="17.0.6+9-LTS-190" />
    <property name="java.security.manager" value="allow" />
    <property name="user.name" value="winph" />
    <property name="ant.file" value="C:\Users\winph\eclipse-workspace\6.005\ps2-tweets\grader.xml" />
    <property name="path.separator" value=";" />
    <property name="os.version" value="10.0" />
    <property name="ant.build.javac.target" value="1.8" />
    <property name="java.runtime.name" value="Java(TM) SE Runtime Environment" />
    <property name="file.encoding" value="GBK" />
    <property name="ant.project.invoked-targets" value="all" />
    <property name="java.vm.name" value="Java HotSpot(TM) 64-Bit Server VM" />
    <property name="didit.desc" value="Running our tests against your implementation" />
    <property name="ant.core.lib" value="C:\Users\winph\.p2\pool\plugins\org.apache.ant_1.10.12.v20211102-1452\lib\ant.jar" />
    <property name="java.vendor.url.bug" value="https://bugreport.java.com/bugreport/" />
    <property name="java.io.tmpdir" value="C:\Users\winph\AppData\Local\Temp\" />
    <property name="java.version" value="17.0.6" />
    <property name="user.dir" value="C:\Users\winph\eclipse-workspace\6.005\ps2-tweets" />
    <property name="grader.dir" value=".grader" />
    <property name="os.arch" value="amd64" />
    <property name="java.vm.specification.name" value="Java Virtual Machine Specification" />
    <property name="ant.home" value="C:\Users\winph\.p2\pool\plugins\org.apache.ant_1.10.12.v20211102-1452" />
    <property name="sun.os.patch.level" value="" />
    <property name="native.encoding" value="GBK" />
    <property name="ant.version" value="Apache Ant(TM) version 1.10.12 compiled on October 13 2021" />
    <property name="final.grading" value="true" />
    <property name="java.library.path" value="C:\Program Files\Java\jdk-17\bin;C:\WINDOWS\Sun\Java\bin;C:\WINDOWS\system32;C:\WINDOWS;C:\Program Files\Common Files\Oracle\Java\javapath;C:\WINDOWS\system32;C:\WINDOWS;C:\WINDOWS\System32\Wbem;C:\WINDOWS\System32\WindowsPowerShell\v1.0\;C:\WINDOWS\System32\OpenSSH\;C:\Program Files\MATLAB\R2019b\bin;C:\Program Files\Java\jdk-14.0.1\bin;C:\Program Files\Git\cmd;C:\Program Files\PuTTY\;C:\Program Files\nodejs\;C:\Qt\5.15.2\mingw81_64\bin;;C:\Program Files\Docker\Docker\resources\bin;C:\ProgramData\DockerDesktop\version-bin;C:\Users\winph\AppData\Local\Programs\Python\Python37\Scripts\;C:\Users\winph\AppData\Local\Programs\Python\Python37\;C:\Program Files\MySQL\MySQL Shell 8.0\bin\;C:\Users\winph\AppData\Local\Programs\Microsoft VS Code\bin;C:\mingw64\bin;C:\Program Files\Git;C:\Program Files\Git\bin;C:\Users\winph\AppData\Local\Microsoft\WindowsApps;C:\Program Files\JetBrains\IntelliJ IDEA Community Edition 2020.2.2\bin;;C:\Users\winph\AppData\Roaming\npm;C:\Users\winph\Downloads\mongodb-shell-windows-x86_64-4.4.3\mongodb-win32-x86_64-windows-4.4.3\bin;;C:\Program Files\JetBrains\IntelliJ IDEA 2020.3.2\bin;;C:\Users\winph\AppData\Local\Coursier\data\bin;C:\Users\winph\AppData\Local\JetBrains\IntelliJ IDEA 2022.3.2\bin;;." />
    <property name="java.vendor" value="Oracle Corporation" />
    <property name="java.vm.info" value="mixed mode, sharing" />
    <property name="java.vm.version" value="17.0.6+9-LTS-190" />
    <property name="sun.io.unicode.encoding" value="UnicodeLittle" />
    <property name="java.class.version" value="61.0" />
    <property name="ant.project.default-target" value="all" />
  </properties>
  <testcase classname="twitter.staff.GradingExtractTest" name="testGetMentionedUsersSingleMentionSingleTweet" time="0.004" />
  <testcase classname="twitter.staff.GradingExtractTest" name="testGetTimespanMultipleStampsWithDuplicates" time="0.001" />
  <testcase classname="twitter.staff.GradingExtractTest" name="testGetMentionedUsersEmailAddress" time="0.008">
    <failure message="expected empty set" type="junit.framework.AssertionFailedError">junit.framework.AssertionFailedError: expected empty set
	at twitter.staff.GradingExtractTest.testGetMentionedUsersEmailAddress(GradingExtractTest.java:265)
	at java.base/jdk.internal.reflect.NativeMethodAccessorImpl.invoke0(Native Method)
	at java.base/jdk.internal.reflect.NativeMethodAccessorImpl.invoke(NativeMethodAccessorImpl.java:77)
	at java.base/jdk.internal.reflect.DelegatingMethodAccessorImpl.invoke(DelegatingMethodAccessorImpl.java:43)
</failure>
  </testcase>
  <testcase classname="twitter.staff.GradingExtractTest" name="testGetMentionedUsersUsernameEndedByPunctuation" time="0.001" />
  <testcase classname="twitter.staff.GradingExtractTest" name="testGetMentionedUsersMultipleMentionsMultipleTweets" time="0.001" />
  <testcase classname="twitter.staff.GradingExtractTest" name="testGetMentionedUsersSingleMentionMultipleTweetsMustBeCaseInsensitive" time="0.001" />
  <testcase classname="twitter.staff.GradingExtractTest" name="testGetMentionedUsersUsernameIsHyphenated" time="0.001">
    <failure message="unexpected user in set" type="junit.framework.AssertionFailedError">junit.framework.AssertionFailedError: unexpected user in set
	at twitter.staff.GradingExtractTest.testGetMentionedUsersUsernameIsHyphenated(GradingExtractTest.java:319)
	at java.base/jdk.internal.reflect.NativeMethodAccessorImpl.invoke0(Native Method)
	at java.base/jdk.internal.reflect.NativeMethodAccessorImpl.invoke(NativeMethodAccessorImpl.java:77)
	at java.base/jdk.internal.reflect.DelegatingMethodAccessorImpl.invoke(DelegatingMethodAccessorImpl.java:43)
</failure>
  </testcase>
  <testcase classname="twitter.staff.GradingExtractTest" name="testGetMentionedUsersInvalidFollowingCharacters" time="0.001" />
  <testcase classname="twitter.staff.GradingExtractTest" name="testGetMentionedUsersUnderscores" time="0.001" />
  <testcase classname="twitter.staff.GradingExtractTest" name="testGetTimespanTwoDifferentStamps" time="0.0" />
  <testcase classname="twitter.staff.GradingExtractTest" name="testGetTimespanMultipleStampsWithoutDuplicates" time="0.0" />
  <testcase classname="twitter.staff.GradingExtractTest" name="testGetMentionedUsersEmptyList" time="0.0" />
  <testcase classname="twitter.staff.GradingExtractTest" name="testGetTimespanTwoDuplicateStamps" time="0.0" />
  <testcase classname="twitter.staff.GradingExtractTest" name="testGetMentionedUsersPreceededByPunctuation" time="0.001" />
  <testcase classname="twitter.staff.GradingExtractTest" name="testGetTimespanEmptyListAlwaysReturnsZeroLengthTimespan" time="0.0">
    <error message="tweets size == 0" type="java.lang.IllegalArgumentException">java.lang.IllegalArgumentException: tweets size == 0
	at twitter.Extract.getTimespan(Extract.java:29)
	at twitter.staff.GradingExtractTest.testGetTimespanEmptyListAlwaysReturnsZeroLengthTimespan(GradingExtractTest.java:48)
	at java.base/jdk.internal.reflect.NativeMethodAccessorImpl.invoke0(Native Method)
	at java.base/jdk.internal.reflect.NativeMethodAccessorImpl.invoke(NativeMethodAccessorImpl.java:77)
	at java.base/jdk.internal.reflect.DelegatingMethodAccessorImpl.invoke(DelegatingMethodAccessorImpl.java:43)
</error>
  </testcase>
  <testcase classname="twitter.staff.GradingExtractTest" name="testGetMentionedUsersSingleAtSignNoFollowingUsername" time="0.0" />
  <testcase classname="twitter.staff.GradingExtractTest" name="testGetMentionedUsersMultipleMentionsSingleTweet" time="0.0" />
  <testcase classname="twitter.staff.GradingExtractTest" name="testGetMentionedUsersSingleMentionMultipleTweets" time="0.0" />
  <testcase classname="twitter.staff.GradingExtractTest" name="testGetTimespanSingleTweet" time="0.0" />
  <testcase classname="twitter.staff.GradingExtractTest" name="testGetMentionedUsersNoMentionsSingleTweet" time="0.0" />
  <testcase classname="twitter.staff.GradingExtractTest" name="testGetMentionedUsersMultipleAtSigns" time="0.001" />
  <system-out><![CDATA[]]></system-out>
  <system-err><![CDATA[]]></system-err>
</testsuite>
