<?xml version="1.0" encoding="UTF-8" ?>
<testsuite errors="3" failures="2" hostname="DESKTOP-AQ97O65" name="twitter.staff.GradingSocialNetworkTest" skipped="0" tests="14" time="0.189" timestamp="2023-02-26T04:23:08">
  <properties>
[...]
</properties>
  <testcase classname="twitter.staff.GradingSocialNetworkTest" name="testInfluencersGraphOneUserNoFollowing" time="0.007" />
  <testcase classname="twitter.staff.GradingSocialNetworkTest" name="testInfluencersTwoUsersOneFollowing" time="0.012">
    <error message="Cannot invoke &quot;java.lang.Integer.intValue()&quot; because the return value of &quot;java.util.Map.get(Object)&quot; is null" type="java.lang.NullPointerException">java.lang.NullPointerException: Cannot invoke &quot;java.lang.Integer.intValue()&quot; because the return value of &quot;java.util.Map.get(Object)&quot; is null
	at twitter.SocialNetwork.influencers(SocialNetwork.java:88)
	at twitter.staff.GradingSocialNetworkTest.testInfluencersTwoUsersOneFollowing(GradingSocialNetworkTest.java:218)
	at java.base/jdk.internal.reflect.NativeMethodAccessorImpl.invoke0(Native Method)
	at java.base/jdk.internal.reflect.NativeMethodAccessorImpl.invoke(NativeMethodAccessorImpl.java:77)
	at java.base/jdk.internal.reflect.DelegatingMethodAccessorImpl.invoke(DelegatingMethodAccessorImpl.java:43)
</error>
  </testcase>
  <testcase classname="twitter.staff.GradingSocialNetworkTest" name="testGuessFollowsGraphUserMentionsSelf" time="0.002" />
  <testcase classname="twitter.staff.GradingSocialNetworkTest" name="testInfluencersMultipleUsersSomeSameFollowerCounts" time="0.0" />
  <testcase classname="twitter.staff.GradingSocialNetworkTest" name="testGuessFollowsGraphEmptyList" time="0.001" />
  <testcase classname="twitter.staff.GradingSocialNetworkTest" name="testInfluencersMultipleUsersAllSameFollowerCounts" time="0.0" />
  <testcase classname="twitter.staff.GradingSocialNetworkTest" name="testInfluencersEmptyGraph" time="0.0" />
  <testcase classname="twitter.staff.GradingSocialNetworkTest" name="testInfluencersMultipleUsersAllDifferentFollowerCounts" time="0.001">
    <error message="Cannot invoke &quot;java.lang.Integer.intValue()&quot; because the return value of &quot;java.util.Map.get(Object)&quot; is null" type="java.lang.NullPointerException">java.lang.NullPointerException: Cannot invoke &quot;java.lang.Integer.intValue()&quot; because the return value of &quot;java.util.Map.get(Object)&quot; is null
	at twitter.SocialNetwork.influencers(SocialNetwork.java:88)
	at twitter.staff.GradingSocialNetworkTest.testInfluencersMultipleUsersAllDifferentFollowerCounts(GradingSocialNetworkTest.java:253)
	at java.base/jdk.internal.reflect.NativeMethodAccessorImpl.invoke0(Native Method)
	at java.base/jdk.internal.reflect.NativeMethodAccessorImpl.invoke(NativeMethodAccessorImpl.java:77)
	at java.base/jdk.internal.reflect.DelegatingMethodAccessorImpl.invoke(DelegatingMethodAccessorImpl.java:43)
</error>
  </testcase>
  <testcase classname="twitter.staff.GradingSocialNetworkTest" name="testGuessFollowsGraphSingleTweetAtMention" time="0.001">
    <failure message="expected non-empty map" type="junit.framework.AssertionFailedError">junit.framework.AssertionFailedError: expected non-empty map
	at twitter.staff.GradingSocialNetworkTest.testGuessFollowsGraphSingleTweetAtMention(GradingSocialNetworkTest.java:92)
	at java.base/jdk.internal.reflect.NativeMethodAccessorImpl.invoke0(Native Method)
	at java.base/jdk.internal.reflect.NativeMethodAccessorImpl.invoke(NativeMethodAccessorImpl.java:77)
	at java.base/jdk.internal.reflect.DelegatingMethodAccessorImpl.invoke(DelegatingMethodAccessorImpl.java:43)
</failure>
  </testcase>
  <testcase classname="twitter.staff.GradingSocialNetworkTest" name="testGuessFollowsGraphMustHaveNoNonexistentUsers" time="0.003" />
  <testcase classname="twitter.staff.GradingSocialNetworkTest" name="testGuessFollowsGraphMustBeCaseInsensitive" time="0.001">
    <failure message="expected non-empty map" type="junit.framework.AssertionFailedError">junit.framework.AssertionFailedError: expected non-empty map
	at twitter.staff.GradingSocialNetworkTest.testGuessFollowsGraphMustBeCaseInsensitive(GradingSocialNetworkTest.java:112)
	at java.base/jdk.internal.reflect.NativeMethodAccessorImpl.invoke0(Native Method)
	at java.base/jdk.internal.reflect.NativeMethodAccessorImpl.invoke(NativeMethodAccessorImpl.java:77)
	at java.base/jdk.internal.reflect.DelegatingMethodAccessorImpl.invoke(DelegatingMethodAccessorImpl.java:43)
</failure>
  </testcase>
  <testcase classname="twitter.staff.GradingSocialNetworkTest" name="testGuessFollowsGraphNoConnections" time="0.0" />
  <testcase classname="twitter.staff.GradingSocialNetworkTest" name="testGuessFollowsGraphHasConnections" time="0.003" />
  <testcase classname="twitter.staff.GradingSocialNetworkTest" name="testInfluencersMustBeCaseInsensitive" time="0.001">
    <error message="Cannot invoke &quot;java.lang.Integer.intValue()&quot; because the return value of &quot;java.util.Map.get(Object)&quot; is null" type="java.lang.NullPointerException">java.lang.NullPointerException: Cannot invoke &quot;java.lang.Integer.intValue()&quot; because the return value of &quot;java.util.Map.get(Object)&quot; is null
	at twitter.SocialNetwork.influencers(SocialNetwork.java:88)
	at twitter.staff.GradingSocialNetworkTest.testInfluencersMustBeCaseInsensitive(GradingSocialNetworkTest.java:235)
	at java.base/jdk.internal.reflect.NativeMethodAccessorImpl.invoke0(Native Method)
	at java.base/jdk.internal.reflect.NativeMethodAccessorImpl.invoke(NativeMethodAccessorImpl.java:77)
	at java.base/jdk.internal.reflect.DelegatingMethodAccessorImpl.invoke(DelegatingMethodAccessorImpl.java:43)
</error>
  </testcase>
  <system-out><![CDATA[]]></system-out>
  <system-err><![CDATA[]]></system-err>
</testsuite>
