<?xml version="1.0" encoding="UTF-8" ?>
<testsuite errors="0" failures="1" hostname="DESKTOP-AQ97O65" name="twitter.staff.SocialNetworkTestRunner" skipped="0" tests="1" time="0.308" timestamp="2023-02-25T10:12:22">
  <properties>
[...]
</properties>
  <testcase classname="twitter.staff.SocialNetworkTestRunner" name="yourTests_staffBadImpl_SocialNetwork_alwaysReturnsEmpty" time="0.09">
    <failure message="None of your tests failed when run against our broken implementation: 3 tests ran with 0 failures in 4 ms." type="junit.framework.AssertionFailedError">junit.framework.AssertionFailedError: None of your tests failed when run against our broken implementation: 3 tests ran with 0 failures in 4 ms.
	at twitter.staff.TestHelpers.assertFailure(TestHelpers.java:59)
	at twitter.staff.SocialNetworkTestRunner.yourTests_staffBadImpl_SocialNetwork_alwaysReturnsEmpty(SocialNetworkTestRunner.java:23)
	at java.base/jdk.internal.reflect.NativeMethodAccessorImpl.invoke0(Native Method)
	at java.base/jdk.internal.reflect.NativeMethodAccessorImpl.invoke(NativeMethodAccessorImpl.java:77)
	at java.base/jdk.internal.reflect.DelegatingMethodAccessorImpl.invoke(DelegatingMethodAccessorImpl.java:43)
</failure>
  </testcase>
  <system-out><![CDATA[]]></system-out>
  <system-err><![CDATA[]]></system-err>
</testsuite>
