<?xml version="1.0" encoding="UTF-8" ?>
<testsuite errors="0" failures="6" hostname="DESKTOP-AQ97O65" name="twitter.staff.SocialNetworkTestRunner" skipped="0" tests="14" time="0.208" timestamp="2023-02-26T04:23:11">
  <properties>
[...]
</properties>
  <testcase classname="twitter.staff.SocialNetworkTestRunner" name="yourTests_staffGoodImpl_guessFollowsGraphAlternatingCase" time="0.039">
    <failure message="Some of your tests failed when run against our correct implementation: 10 tests ran with 5 failures in 13 ms.&#xa;java.lang.AssertionError: expected empty graph&#xd;&#xa;    ...&#xd;&#xa;    at twitter.SocialNetworkTest.testGuessFollowsGraphNoMention(SocialNetworkTest.java:59)&#xd;&#xa;    ...&#xd;&#xa;java.lang.AssertionError: expected graph size equals to 0&#xd;&#xa;    ...&#xd;&#xa;    at twitter.SocialNetworkTest.testGuessFollowsGraphInvalidMentionNotAuthor(SocialNetworkTest.java:83)&#xd;&#xa;    ...&#xd;&#xa;java.lang.AssertionError: expected graph size equals to 1&#xd;&#xa;    ...&#xd;&#xa;    at twitter.SocialNetworkTest.testGuessFollowsGraphCaseInsensetive(SocialNetworkTest.java:98)&#xd;&#xa;    ...&#xd;&#xa;java.lang.NullPointerException: Cannot invoke &quot;java.util.Set.size()&quot; because the return value of &quot;java.util.Map.get(Object)&quot; is null&#xd;&#xa;    at twitter.SocialNetworkTest.testGuessFollowsGraphOneMention(SocialNetworkTest.java:67)&#xd;&#xa;    ...&#xd;&#xa;java.lang.AssertionError: expected graph size equals to 0&#xd;&#xa;    ...&#xd;&#xa;    at twitter.SocialNetworkTest.testGuessFollowsGraphInvalidSelfMention(SocialNetworkTest.java:90)&#xd;&#xa;    ...&#xa;----" type="junit.framework.AssertionFailedError">junit.framework.AssertionFailedError: Some of your tests failed when run against our correct implementation: 10 tests ran with 5 failures in 13 ms.
java.lang.AssertionError: expected empty graph
    ...
    at twitter.SocialNetworkTest.testGuessFollowsGraphNoMention(SocialNetworkTest.java:59)
    ...
java.lang.AssertionError: expected graph size equals to 0
    ...
    at twitter.SocialNetworkTest.testGuessFollowsGraphInvalidMentionNotAuthor(SocialNetworkTest.java:83)
    ...
java.lang.AssertionError: expected graph size equals to 1
    ...
    at twitter.SocialNetworkTest.testGuessFollowsGraphCaseInsensetive(SocialNetworkTest.java:98)
    ...
java.lang.NullPointerException: Cannot invoke &quot;java.util.Set.size()&quot; because the return value of &quot;java.util.Map.get(Object)&quot; is null
    at twitter.SocialNetworkTest.testGuessFollowsGraphOneMention(SocialNetworkTest.java:67)
    ...
java.lang.AssertionError: expected graph size equals to 0
    ...
    at twitter.SocialNetworkTest.testGuessFollowsGraphInvalidSelfMention(SocialNetworkTest.java:90)
    ...
----
	at twitter.staff.TestHelpers.assertSuccess(TestHelpers.java:50)
	at twitter.staff.SocialNetworkTestRunner.yourTests_staffGoodImpl_guessFollowsGraphAlternatingCase(SocialNetworkTestRunner.java:39)
	at java.base/jdk.internal.reflect.NativeMethodAccessorImpl.invoke0(Native Method)
	at java.base/jdk.internal.reflect.NativeMethodAccessorImpl.invoke(NativeMethodAccessorImpl.java:77)
	at java.base/jdk.internal.reflect.DelegatingMethodAccessorImpl.invoke(DelegatingMethodAccessorImpl.java:43)
</failure>
  </testcase>
  <testcase classname="twitter.staff.SocialNetworkTestRunner" name="yourTests_staffGoodImpl_guessFollowsGraphReturnsEmptyNodes" time="0.006">
    <failure message="Some of your tests failed when run against our correct implementation: 10 tests ran with 4 failures in 3 ms.&#xa;java.lang.AssertionError: expected empty graph&#xd;&#xa;    ...&#xd;&#xa;    at twitter.SocialNetworkTest.testGuessFollowsGraphNoMention(SocialNetworkTest.java:59)&#xd;&#xa;    ...&#xd;&#xa;java.lang.AssertionError: expected graph size equals to 0&#xd;&#xa;    ...&#xd;&#xa;    at twitter.SocialNetworkTest.testGuessFollowsGraphInvalidMentionNotAuthor(SocialNetworkTest.java:83)&#xd;&#xa;    ...&#xd;&#xa;java.lang.AssertionError: expected graph size equals to 1&#xd;&#xa;    ...&#xd;&#xa;    at twitter.SocialNetworkTest.testGuessFollowsGraphCaseInsensetive(SocialNetworkTest.java:98)&#xd;&#xa;    ...&#xd;&#xa;java.lang.AssertionError: expected graph size equals to 0&#xd;&#xa;    ...&#xd;&#xa;    at twitter.SocialNetworkTest.testGuessFollowsGraphInvalidSelfMention(SocialNetworkTest.java:90)&#xd;&#xa;    ...&#xa;----" type="junit.framework.AssertionFailedError">junit.framework.AssertionFailedError: Some of your tests failed when run against our correct implementation: 10 tests ran with 4 failures in 3 ms.
java.lang.AssertionError: expected empty graph
    ...
    at twitter.SocialNetworkTest.testGuessFollowsGraphNoMention(SocialNetworkTest.java:59)
    ...
java.lang.AssertionError: expected graph size equals to 0
    ...
    at twitter.SocialNetworkTest.testGuessFollowsGraphInvalidMentionNotAuthor(SocialNetworkTest.java:83)
    ...
java.lang.AssertionError: expected graph size equals to 1
    ...
    at twitter.SocialNetworkTest.testGuessFollowsGraphCaseInsensetive(SocialNetworkTest.java:98)
    ...
java.lang.AssertionError: expected graph size equals to 0
    ...
    at twitter.SocialNetworkTest.testGuessFollowsGraphInvalidSelfMention(SocialNetworkTest.java:90)
    ...
----
	at twitter.staff.TestHelpers.assertSuccess(TestHelpers.java:50)
	at twitter.staff.SocialNetworkTestRunner.yourTests_staffGoodImpl_guessFollowsGraphReturnsEmptyNodes(SocialNetworkTestRunner.java:29)
	at java.base/jdk.internal.reflect.NativeMethodAccessorImpl.invoke0(Native Method)
	at java.base/jdk.internal.reflect.NativeMethodAccessorImpl.invoke(NativeMethodAccessorImpl.java:77)
	at java.base/jdk.internal.reflect.DelegatingMethodAccessorImpl.invoke(DelegatingMethodAccessorImpl.java:43)
</failure>
  </testcase>
  <testcase classname="twitter.staff.SocialNetworkTestRunner" name="yourTests_staffBadImpl_guessFollowsGraphCompleteGraphBug" time="0.001" />
  <testcase classname="twitter.staff.SocialNetworkTestRunner" name="yourTests_staffBadImpl_influencersMustBeCaseInsensitiveBug" time="0.004" />
  <testcase classname="twitter.staff.SocialNetworkTestRunner" name="yourTests_staffBadImpl_influencersReturnsFirstInRankOnlyBug" time="0.004" />
  <testcase classname="twitter.staff.SocialNetworkTestRunner" name="yourTests_staffGoodImpl_guessFollowsGraphReturnsNoEmptyNodes" time="0.006">
    <failure message="Some of your tests failed when run against our correct implementation: 10 tests ran with 1 failure in 3 ms.&#xa;java.lang.AssertionError: expected graph size equals to 0&#xd;&#xa;    ...&#xd;&#xa;    at twitter.SocialNetworkTest.testGuessFollowsGraphInvalidMentionNotAuthor(SocialNetworkTest.java:83)&#xd;&#xa;    ...&#xa;----" type="junit.framework.AssertionFailedError">junit.framework.AssertionFailedError: Some of your tests failed when run against our correct implementation: 10 tests ran with 1 failure in 3 ms.
java.lang.AssertionError: expected graph size equals to 0
    ...
    at twitter.SocialNetworkTest.testGuessFollowsGraphInvalidMentionNotAuthor(SocialNetworkTest.java:83)
    ...
----
	at twitter.staff.TestHelpers.assertSuccess(TestHelpers.java:50)
	at twitter.staff.SocialNetworkTestRunner.yourTests_staffGoodImpl_guessFollowsGraphReturnsNoEmptyNodes(SocialNetworkTestRunner.java:34)
	at java.base/jdk.internal.reflect.NativeMethodAccessorImpl.invoke0(Native Method)
	at java.base/jdk.internal.reflect.NativeMethodAccessorImpl.invoke(NativeMethodAccessorImpl.java:77)
	at java.base/jdk.internal.reflect.DelegatingMethodAccessorImpl.invoke(DelegatingMethodAccessorImpl.java:43)
</failure>
  </testcase>
  <testcase classname="twitter.staff.SocialNetworkTestRunner" name="yourTests_staffBadImpl_guessFollowsGraphFollowsInWrongDirectionBug" time="0.003" />
  <testcase classname="twitter.staff.SocialNetworkTestRunner" name="yourTests_staffBadImpl_guessFollowsGraphAddsNonExistentUsersBug" time="0.005" />
  <testcase classname="twitter.staff.SocialNetworkTestRunner" name="yourTests_staffGoodImpl_guessFollowsGraphBidirectionalFollowing" time="0.006">
    <failure message="Some of your tests failed when run against our correct implementation: 10 tests ran with 4 failures in 3 ms.&#xa;java.lang.AssertionError: expected empty graph&#xd;&#xa;    ...&#xd;&#xa;    at twitter.SocialNetworkTest.testGuessFollowsGraphNoMention(SocialNetworkTest.java:59)&#xd;&#xa;    ...&#xd;&#xa;java.lang.AssertionError: expected graph size equals to 0&#xd;&#xa;    ...&#xd;&#xa;    at twitter.SocialNetworkTest.testGuessFollowsGraphInvalidMentionNotAuthor(SocialNetworkTest.java:83)&#xd;&#xa;    ...&#xd;&#xa;java.lang.AssertionError: expected graph size equals to 1&#xd;&#xa;    ...&#xd;&#xa;    at twitter.SocialNetworkTest.testGuessFollowsGraphCaseInsensetive(SocialNetworkTest.java:98)&#xd;&#xa;    ...&#xd;&#xa;java.lang.AssertionError: expected graph size equals to 0&#xd;&#xa;    ...&#xd;&#xa;    at twitter.SocialNetworkTest.testGuessFollowsGraphInvalidSelfMention(SocialNetworkTest.java:90)&#xd;&#xa;    ...&#xa;----" type="junit.framework.AssertionFailedError">junit.framework.AssertionFailedError: Some of your tests failed when run against our correct implementation: 10 tests ran with 4 failures in 3 ms.
java.lang.AssertionError: expected empty graph
    ...
    at twitter.SocialNetworkTest.testGuessFollowsGraphNoMention(SocialNetworkTest.java:59)
    ...
java.lang.AssertionError: expected graph size equals to 0
    ...
    at twitter.SocialNetworkTest.testGuessFollowsGraphInvalidMentionNotAuthor(SocialNetworkTest.java:83)
    ...
java.lang.AssertionError: expected graph size equals to 1
    ...
    at twitter.SocialNetworkTest.testGuessFollowsGraphCaseInsensetive(SocialNetworkTest.java:98)
    ...
java.lang.AssertionError: expected graph size equals to 0
    ...
    at twitter.SocialNetworkTest.testGuessFollowsGraphInvalidSelfMention(SocialNetworkTest.java:90)
    ...
----
	at twitter.staff.TestHelpers.assertSuccess(TestHelpers.java:50)
	at twitter.staff.SocialNetworkTestRunner.yourTests_staffGoodImpl_guessFollowsGraphBidirectionalFollowing(SocialNetworkTestRunner.java:44)
	at java.base/jdk.internal.reflect.NativeMethodAccessorImpl.invoke0(Native Method)
	at java.base/jdk.internal.reflect.NativeMethodAccessorImpl.invoke(NativeMethodAccessorImpl.java:77)
	at java.base/jdk.internal.reflect.DelegatingMethodAccessorImpl.invoke(DelegatingMethodAccessorImpl.java:43)
</failure>
  </testcase>
  <testcase classname="twitter.staff.SocialNetworkTestRunner" name="yourTests_staffGoodImpl_influencersSameRankArbitraryOrder1" time="0.005">
    <failure message="Some of your tests failed when run against our correct implementation: 10 tests ran with 4 failures in 1 ms.&#xa;java.lang.AssertionError: expected empty graph&#xd;&#xa;    ...&#xd;&#xa;    at twitter.SocialNetworkTest.testGuessFollowsGraphNoMention(SocialNetworkTest.java:59)&#xd;&#xa;    ...&#xd;&#xa;java.lang.AssertionError: expected graph size equals to 0&#xd;&#xa;    ...&#xd;&#xa;    at twitter.SocialNetworkTest.testGuessFollowsGraphInvalidMentionNotAuthor(SocialNetworkTest.java:83)&#xd;&#xa;    ...&#xd;&#xa;java.lang.AssertionError: expected graph size equals to 1&#xd;&#xa;    ...&#xd;&#xa;    at twitter.SocialNetworkTest.testGuessFollowsGraphCaseInsensetive(SocialNetworkTest.java:98)&#xd;&#xa;    ...&#xd;&#xa;java.lang.AssertionError: expected graph size equals to 0&#xd;&#xa;    ...&#xd;&#xa;    at twitter.SocialNetworkTest.testGuessFollowsGraphInvalidSelfMention(SocialNetworkTest.java:90)&#xd;&#xa;    ...&#xa;----" type="junit.framework.AssertionFailedError">junit.framework.AssertionFailedError: Some of your tests failed when run against our correct implementation: 10 tests ran with 4 failures in 1 ms.
java.lang.AssertionError: expected empty graph
    ...
    at twitter.SocialNetworkTest.testGuessFollowsGraphNoMention(SocialNetworkTest.java:59)
    ...
java.lang.AssertionError: expected graph size equals to 0
    ...
    at twitter.SocialNetworkTest.testGuessFollowsGraphInvalidMentionNotAuthor(SocialNetworkTest.java:83)
    ...
java.lang.AssertionError: expected graph size equals to 1
    ...
    at twitter.SocialNetworkTest.testGuessFollowsGraphCaseInsensetive(SocialNetworkTest.java:98)
    ...
java.lang.AssertionError: expected graph size equals to 0
    ...
    at twitter.SocialNetworkTest.testGuessFollowsGraphInvalidSelfMention(SocialNetworkTest.java:90)
    ...
----
	at twitter.staff.TestHelpers.assertSuccess(TestHelpers.java:50)
	at twitter.staff.SocialNetworkTestRunner.yourTests_staffGoodImpl_influencersSameRankArbitraryOrder1(SocialNetworkTestRunner.java:49)
	at java.base/jdk.internal.reflect.NativeMethodAccessorImpl.invoke0(Native Method)
	at java.base/jdk.internal.reflect.NativeMethodAccessorImpl.invoke(NativeMethodAccessorImpl.java:77)
	at java.base/jdk.internal.reflect.DelegatingMethodAccessorImpl.invoke(DelegatingMethodAccessorImpl.java:43)
</failure>
  </testcase>
  <testcase classname="twitter.staff.SocialNetworkTestRunner" name="yourTests_staffGoodImpl_influencersSameRankArbitraryOrder2" time="0.005">
    <failure message="Some of your tests failed when run against our correct implementation: 10 tests ran with 4 failures in 2 ms.&#xa;java.lang.AssertionError: expected empty graph&#xd;&#xa;    ...&#xd;&#xa;    at twitter.SocialNetworkTest.testGuessFollowsGraphNoMention(SocialNetworkTest.java:59)&#xd;&#xa;    ...&#xd;&#xa;java.lang.AssertionError: expected graph size equals to 0&#xd;&#xa;    ...&#xd;&#xa;    at twitter.SocialNetworkTest.testGuessFollowsGraphInvalidMentionNotAuthor(SocialNetworkTest.java:83)&#xd;&#xa;    ...&#xd;&#xa;java.lang.AssertionError: expected graph size equals to 1&#xd;&#xa;    ...&#xd;&#xa;    at twitter.SocialNetworkTest.testGuessFollowsGraphCaseInsensetive(SocialNetworkTest.java:98)&#xd;&#xa;    ...&#xd;&#xa;java.lang.AssertionError: expected graph size equals to 0&#xd;&#xa;    ...&#xd;&#xa;    at twitter.SocialNetworkTest.testGuessFollowsGraphInvalidSelfMention(SocialNetworkTest.java:90)&#xd;&#xa;    ...&#xa;----" type="junit.framework.AssertionFailedError">junit.framework.AssertionFailedError: Some of your tests failed when run against our correct implementation: 10 tests ran with 4 failures in 2 ms.
java.lang.AssertionError: expected empty graph
    ...
    at twitter.SocialNetworkTest.testGuessFollowsGraphNoMention(SocialNetworkTest.java:59)
    ...
java.lang.AssertionError: expected graph size equals to 0
    ...
    at twitter.SocialNetworkTest.testGuessFollowsGraphInvalidMentionNotAuthor(SocialNetworkTest.java:83)
    ...
java.lang.AssertionError: expected graph size equals to 1
    ...
    at twitter.SocialNetworkTest.testGuessFollowsGraphCaseInsensetive(SocialNetworkTest.java:98)
    ...
java.lang.AssertionError: expected graph size equals to 0
    ...
    at twitter.SocialNetworkTest.testGuessFollowsGraphInvalidSelfMention(SocialNetworkTest.java:90)
    ...
----
	at twitter.staff.TestHelpers.assertSuccess(TestHelpers.java:50)
	at twitter.staff.SocialNetworkTestRunner.yourTests_staffGoodImpl_influencersSameRankArbitraryOrder2(SocialNetworkTestRunner.java:54)
	at java.base/jdk.internal.reflect.NativeMethodAccessorImpl.invoke0(Native Method)
	at java.base/jdk.internal.reflect.NativeMethodAccessorImpl.invoke(NativeMethodAccessorImpl.java:77)
	at java.base/jdk.internal.reflect.DelegatingMethodAccessorImpl.invoke(DelegatingMethodAccessorImpl.java:43)
</failure>
  </testcase>
  <testcase classname="twitter.staff.SocialNetworkTestRunner" name="yourTests_staffBadImpl_guessFollowsGraphMustBeCaseInsensitiveBug" time="0.003" />
  <testcase classname="twitter.staff.SocialNetworkTestRunner" name="yourTests_staffBadImpl_guessFollowsGraphSelfMentionBug" time="0.003" />
  <testcase classname="twitter.staff.SocialNetworkTestRunner" name="yourTests_staffBadImpl_influencersPrunesEmptyNodesBug" time="0.003" />
  <system-out><![CDATA[]]></system-out>
  <system-err><![CDATA[]]></system-err>
</testsuite>
