<?xml version="1.0" encoding="UTF-8" ?>
<testsuites>
  <testsuite errors="0" failures="0" hostname="DESKTOP-AQ97O65" id="0" name="ExtractTest" package="twitter" skipped="0" tests="5" time="0.134" timestamp="2023-02-26T04:22:59">
      <properties>
          <property name="ant.library.dir" value="C:\Users\winph\.p2\pool\plugins\org.apache.ant_1.10.12.v20211102-1452\lib" />

          <property name="java.specification.version" value="17" />

          <property name="sun.cpu.isalist" value="amd64" />

          <property name="sun.jnu.encoding" value="GBK" />

          <property name="which.tests.ran" value="BETA + FINAL" />

          <property name="java.class.path" value="C:\Users\winph\eclipse-workspace\6.005\ps2-tweets\lib\junit-4.12.jar;C:\Users\winph\eclipse-workspace\6.005\ps2-tweets\lib\hamcrest-core-1.3.jar;C:\Users\winph\eclipse-workspace\6.005\ps2-tweets\.grader\bin-tests-student;C:\Users\winph\eclipse-workspace\6.005\ps2-tweets\.grader\bin-impls-student;C:\Users\winph\.p2\pool\plugins\org.apache.ant_1.10.12.v20211102-1452\lib\ant-launcher.jar;C:\Users\winph\.p2\pool\plugins\org.apache.ant_1.10.12.v20211102-1452\lib\ant.jar;C:\Users\winph\.p2\pool\plugins\org.apache.ant_1.10.12.v20211102-1452\lib\ant-junit.jar;C:\Users\winph\.p2\pool\plugins\org.apache.ant_1.10.12.v20211102-1452\lib\ant-junit4.jar" />

          <property name="project.name" value="ps2-tweets" />

          <property name="java.vm.vendor" value="Oracle Corporation" />

          <property name="sun.arch.data.model" value="64" />

          <property name="user.variant" value="" />

          <property name="java.vendor.url" value="https://java.oracle.com/" />

          <property name="os.name" value="Windows 10" />

          <property name="java.vm.specification.version" value="17" />

          <property name="build.sysclasspath" value="ignore" />

          <property name="sun.java.launcher" value="SUN_STANDARD" />

          <property name="user.country" value="CN" />

          <property name="sun.boot.library.path" value="C:\Program Files\Java\jdk-17\bin" />

          <property name="problem.set" value="ps2" />

          <property name="sun.java.command" value="org.apache.tools.ant.taskdefs.optional.junit.JUnitTestRunner twitter.ExtractTest skipNonTests=false filtertrace=true haltOnError=false haltOnFailure=false showoutput=false outputtoformatters=true logfailedtests=true threadid=0 logtestlistenerevents=false formatter=org.apache.tools.ant.taskdefs.optional.junit.XMLJUnitResultFormatter,C:\Users\winph\eclipse-workspace\6.005\ps2-tweets\.grader\TEST-twitter.ExtractTest.xml crashfile=C:\Users\winph\eclipse-workspace\6.005\ps2-tweets\.grader\junitvmwatcher5559321413875439130.properties propsfile=C:\Users\winph\eclipse-workspace\6.005\ps2-tweets\.grader\junit13945958244979899586.properties" />

          <property name="zipfile" value="my-submission.zip" />

          <property name="jdk.debug" value="release" />

          <property name="sun.cpu.endian" value="little" />

          <property name="beta.grader.jar" value="ps2-beta-grader.jar" />

          <property name="user.home" value="C:\Users\winph" />

          <property name="user.language" value="zh" />

          <property name="grader.report.file" value="my-grader-report.xml" />

          <property name="java.specification.vendor" value="Oracle Corporation" />

          <property name="java.version.date" value="2023-01-17" />

          <property name="java.home" value="C:\Program Files\Java\jdk-17" />

          <property name="basedir" value="C:\Users\winph\eclipse-workspace\6.005\ps2-tweets" />

          <property name="file.separator" value="\" />

          <property name="java.vm.compressedOopsMode" value="Zero based" />

          <property name="line.separator" value="&#xd;&#xa;" />

          <property name="ant.java.version" value="17" />

          <property name="java.vm.specification.vendor" value="Oracle Corporation" />

          <property name="java.specification.name" value="Java Platform API Specification" />

          <property name="final.grader.jar" value="ps2-final-grader.jar" />

          <property name="user.script" value="" />

          <property name="sun.management.compiler" value="HotSpot 64-Bit Tiered Compilers" />

          <property name="java.runtime.version" value="17.0.6+9-LTS-190" />

          <property name="java.security.manager" value="allow" />

          <property name="user.name" value="winph" />

          <property name="ant.file" value="C:\Users\winph\eclipse-workspace\6.005\ps2-tweets\grader.xml" />

          <property name="path.separator" value=";" />

          <property name="os.version" value="10.0" />

          <property name="ant.build.javac.target" value="1.8" />

          <property name="java.runtime.name" value="Java(TM) SE Runtime Environment" />

          <property name="file.encoding" value="GBK" />

          <property name="ant.project.invoked-targets" value="all" />

          <property name="java.vm.name" value="Java HotSpot(TM) 64-Bit Server VM" />

          <property name="didit.desc" value="Running your tests on your implementation." />

          <property name="ant.core.lib" value="C:\Users\winph\.p2\pool\plugins\org.apache.ant_1.10.12.v20211102-1452\lib\ant.jar" />

          <property name="java.vendor.url.bug" value="https://bugreport.java.com/bugreport/" />

          <property name="java.io.tmpdir" value="C:\Users\winph\AppData\Local\Temp\" />

          <property name="java.version" value="17.0.6" />

          <property name="user.dir" value="C:\Users\winph\eclipse-workspace\6.005\ps2-tweets" />

          <property name="grader.dir" value=".grader" />

          <property name="os.arch" value="amd64" />

          <property name="java.vm.specification.name" value="Java Virtual Machine Specification" />

          <property name="ant.home" value="C:\Users\winph\.p2\pool\plugins\org.apache.ant_1.10.12.v20211102-1452" />

          <property name="sun.os.patch.level" value="" />

          <property name="native.encoding" value="GBK" />

          <property name="ant.version" value="Apache Ant(TM) version 1.10.12 compiled on October 13 2021" />

          <property name="final.grading" value="true" />

          <property name="java.library.path" value="C:\Program Files\Java\jdk-17\bin;C:\WINDOWS\Sun\Java\bin;C:\WINDOWS\system32;C:\WINDOWS;C:\Program Files\Common Files\Oracle\Java\javapath;C:\WINDOWS\system32;C:\WINDOWS;C:\WINDOWS\System32\Wbem;C:\WINDOWS\System32\WindowsPowerShell\v1.0\;C:\WINDOWS\System32\OpenSSH\;C:\Program Files\MATLAB\R2019b\bin;C:\Program Files\Java\jdk-14.0.1\bin;C:\Program Files\Git\cmd;C:\Program Files\PuTTY\;C:\Program Files\nodejs\;C:\Qt\5.15.2\mingw81_64\bin;;C:\Program Files\Docker\Docker\resources\bin;C:\ProgramData\DockerDesktop\version-bin;C:\Users\winph\AppData\Local\Programs\Python\Python37\Scripts\;C:\Users\winph\AppData\Local\Programs\Python\Python37\;C:\Program Files\MySQL\MySQL Shell 8.0\bin\;C:\Users\winph\AppData\Local\Programs\Microsoft VS Code\bin;C:\mingw64\bin;C:\Program Files\Git;C:\Program Files\Git\bin;C:\Users\winph\AppData\Local\Microsoft\WindowsApps;C:\Program Files\JetBrains\IntelliJ IDEA Community Edition 2020.2.2\bin;;C:\Users\winph\AppData\Roaming\npm;C:\Users\winph\Downloads\mongodb-shell-windows-x86_64-4.4.3\mongodb-win32-x86_64-windows-4.4.3\bin;;C:\Program Files\JetBrains\IntelliJ IDEA 2020.3.2\bin;;C:\Users\winph\AppData\Local\Coursier\data\bin;C:\Users\winph\AppData\Local\JetBrains\IntelliJ IDEA 2022.3.2\bin;;." />

          <property name="java.vendor" value="Oracle Corporation" />

          <property name="java.vm.info" value="mixed mode, sharing" />

          <property name="java.vm.version" value="17.0.6+9-LTS-190" />

          <property name="sun.io.unicode.encoding" value="UnicodeLittle" />

          <property name="java.class.version" value="61.0" />

          <property name="ant.project.default-target" value="all" />

      </properties>

      <testcase classname="twitter.ExtractTest" name="testGetMentionedUsersNoMention" time="0.004" />

      <testcase classname="twitter.ExtractTest" name="testGetTimespanTwoTweets" time="0.002" />

      <testcase classname="twitter.ExtractTest" name="testAssertionsEnabled" time="0.001" />

      <testcase classname="twitter.ExtractTest" name="testGetTimespanOneTweet" time="0.0" />

      <testcase classname="twitter.ExtractTest" name="testGetMentionUsersCapitalMention" time="0.001" />

      <system-out><![CDATA[]]></system-out>

      <system-err><![CDATA[]]></system-err>

  </testsuite>
  <testsuite errors="0" failures="0" hostname="DESKTOP-AQ97O65" id="1" name="FilterTest" package="twitter" skipped="0" tests="6" time="0.126" timestamp="2023-02-26T04:23:00">
      <properties>
          <property name="ant.library.dir" value="C:\Users\winph\.p2\pool\plugins\org.apache.ant_1.10.12.v20211102-1452\lib" />

          <property name="java.specification.version" value="17" />

          <property name="sun.cpu.isalist" value="amd64" />

          <property name="sun.jnu.encoding" value="GBK" />

          <property name="which.tests.ran" value="BETA + FINAL" />

          <property name="java.class.path" value="C:\Users\winph\eclipse-workspace\6.005\ps2-tweets\lib\junit-4.12.jar;C:\Users\winph\eclipse-workspace\6.005\ps2-tweets\lib\hamcrest-core-1.3.jar;C:\Users\winph\eclipse-workspace\6.005\ps2-tweets\.grader\bin-tests-student;C:\Users\winph\eclipse-workspace\6.005\ps2-tweets\.grader\bin-impls-student;C:\Users\winph\.p2\pool\plugins\org.apache.ant_1.10.12.v20211102-1452\lib\ant-launcher.jar;C:\Users\winph\.p2\pool\plugins\org.apache.ant_1.10.12.v20211102-1452\lib\ant.jar;C:\Users\winph\.p2\pool\plugins\org.apache.ant_1.10.12.v20211102-1452\lib\ant-junit.jar;C:\Users\winph\.p2\pool\plugins\org.apache.ant_1.10.12.v20211102-1452\lib\ant-junit4.jar" />

          <property name="project.name" value="ps2-tweets" />

          <property name="java.vm.vendor" value="Oracle Corporation" />

          <property name="sun.arch.data.model" value="64" />

          <property name="user.variant" value="" />

          <property name="java.vendor.url" value="https://java.oracle.com/" />

          <property name="os.name" value="Windows 10" />

          <property name="java.vm.specification.version" value="17" />

          <property name="build.sysclasspath" value="ignore" />

          <property name="sun.java.launcher" value="SUN_STANDARD" />

          <property name="user.country" value="CN" />

          <property name="sun.boot.library.path" value="C:\Program Files\Java\jdk-17\bin" />

          <property name="problem.set" value="ps2" />

          <property name="sun.java.command" value="org.apache.tools.ant.taskdefs.optional.junit.JUnitTestRunner twitter.FilterTest skipNonTests=false filtertrace=true haltOnError=false haltOnFailure=false showoutput=false outputtoformatters=true logfailedtests=true threadid=0 logtestlistenerevents=false formatter=org.apache.tools.ant.taskdefs.optional.junit.XMLJUnitResultFormatter,C:\Users\winph\eclipse-workspace\6.005\ps2-tweets\.grader\TEST-twitter.FilterTest.xml crashfile=C:\Users\winph\eclipse-workspace\6.005\ps2-tweets\.grader\junitvmwatcher13645031912920626920.properties propsfile=C:\Users\winph\eclipse-workspace\6.005\ps2-tweets\.grader\junit7519444125572147015.properties" />

          <property name="zipfile" value="my-submission.zip" />

          <property name="jdk.debug" value="release" />

          <property name="sun.cpu.endian" value="little" />

          <property name="beta.grader.jar" value="ps2-beta-grader.jar" />

          <property name="user.home" value="C:\Users\winph" />

          <property name="user.language" value="zh" />

          <property name="grader.report.file" value="my-grader-report.xml" />

          <property name="java.specification.vendor" value="Oracle Corporation" />

          <property name="java.version.date" value="2023-01-17" />

          <property name="java.home" value="C:\Program Files\Java\jdk-17" />

          <property name="basedir" value="C:\Users\winph\eclipse-workspace\6.005\ps2-tweets" />

          <property name="file.separator" value="\" />

          <property name="java.vm.compressedOopsMode" value="Zero based" />

          <property name="line.separator" value="&#xd;&#xa;" />

          <property name="ant.java.version" value="17" />

          <property name="java.vm.specification.vendor" value="Oracle Corporation" />

          <property name="java.specification.name" value="Java Platform API Specification" />

          <property name="final.grader.jar" value="ps2-final-grader.jar" />

          <property name="user.script" value="" />

          <property name="sun.management.compiler" value="HotSpot 64-Bit Tiered Compilers" />

          <property name="java.runtime.version" value="17.0.6+9-LTS-190" />

          <property name="java.security.manager" value="allow" />

          <property name="user.name" value="winph" />

          <property name="ant.file" value="C:\Users\winph\eclipse-workspace\6.005\ps2-tweets\grader.xml" />

          <property name="path.separator" value=";" />

          <property name="os.version" value="10.0" />

          <property name="ant.build.javac.target" value="1.8" />

          <property name="java.runtime.name" value="Java(TM) SE Runtime Environment" />

          <property name="file.encoding" value="GBK" />

          <property name="ant.project.invoked-targets" value="all" />

          <property name="java.vm.name" value="Java HotSpot(TM) 64-Bit Server VM" />

          <property name="didit.desc" value="Running your tests on your implementation." />

          <property name="ant.core.lib" value="C:\Users\winph\.p2\pool\plugins\org.apache.ant_1.10.12.v20211102-1452\lib\ant.jar" />

          <property name="java.vendor.url.bug" value="https://bugreport.java.com/bugreport/" />

          <property name="java.io.tmpdir" value="C:\Users\winph\AppData\Local\Temp\" />

          <property name="java.version" value="17.0.6" />

          <property name="user.dir" value="C:\Users\winph\eclipse-workspace\6.005\ps2-tweets" />

          <property name="grader.dir" value=".grader" />

          <property name="os.arch" value="amd64" />

          <property name="java.vm.specification.name" value="Java Virtual Machine Specification" />

          <property name="ant.home" value="C:\Users\winph\.p2\pool\plugins\org.apache.ant_1.10.12.v20211102-1452" />

          <property name="sun.os.patch.level" value="" />

          <property name="native.encoding" value="GBK" />

          <property name="ant.version" value="Apache Ant(TM) version 1.10.12 compiled on October 13 2021" />

          <property name="final.grading" value="true" />

          <property name="java.library.path" value="C:\Program Files\Java\jdk-17\bin;C:\WINDOWS\Sun\Java\bin;C:\WINDOWS\system32;C:\WINDOWS;C:\Program Files\Common Files\Oracle\Java\javapath;C:\WINDOWS\system32;C:\WINDOWS;C:\WINDOWS\System32\Wbem;C:\WINDOWS\System32\WindowsPowerShell\v1.0\;C:\WINDOWS\System32\OpenSSH\;C:\Program Files\MATLAB\R2019b\bin;C:\Program Files\Java\jdk-14.0.1\bin;C:\Program Files\Git\cmd;C:\Program Files\PuTTY\;C:\Program Files\nodejs\;C:\Qt\5.15.2\mingw81_64\bin;;C:\Program Files\Docker\Docker\resources\bin;C:\ProgramData\DockerDesktop\version-bin;C:\Users\winph\AppData\Local\Programs\Python\Python37\Scripts\;C:\Users\winph\AppData\Local\Programs\Python\Python37\;C:\Program Files\MySQL\MySQL Shell 8.0\bin\;C:\Users\winph\AppData\Local\Programs\Microsoft VS Code\bin;C:\mingw64\bin;C:\Program Files\Git;C:\Program Files\Git\bin;C:\Users\winph\AppData\Local\Microsoft\WindowsApps;C:\Program Files\JetBrains\IntelliJ IDEA Community Edition 2020.2.2\bin;;C:\Users\winph\AppData\Roaming\npm;C:\Users\winph\Downloads\mongodb-shell-windows-x86_64-4.4.3\mongodb-win32-x86_64-windows-4.4.3\bin;;C:\Program Files\JetBrains\IntelliJ IDEA 2020.3.2\bin;;C:\Users\winph\AppData\Local\Coursier\data\bin;C:\Users\winph\AppData\Local\JetBrains\IntelliJ IDEA 2022.3.2\bin;;." />

          <property name="java.vendor" value="Oracle Corporation" />

          <property name="java.vm.info" value="mixed mode, sharing" />

          <property name="java.vm.version" value="17.0.6+9-LTS-190" />

          <property name="sun.io.unicode.encoding" value="UnicodeLittle" />

          <property name="java.class.version" value="61.0" />

          <property name="ant.project.default-target" value="all" />

      </properties>

      <testcase classname="twitter.FilterTest" name="testWrittenByMultipleTweetsMultipleResult" time="0.002" />

      <testcase classname="twitter.FilterTest" name="testWrittenByMultipleTweetsZeroResult" time="0.0" />

      <testcase classname="twitter.FilterTest" name="testContaining" time="0.0" />

      <testcase classname="twitter.FilterTest" name="testAssertionsEnabled" time="0.0" />

      <testcase classname="twitter.FilterTest" name="testWrittenByMultipleTweetsSingleResult" time="0.0" />

      <testcase classname="twitter.FilterTest" name="testInTimespanMultipleTweetsMultipleResults" time="0.001" />

      <system-out><![CDATA[]]></system-out>

      <system-err><![CDATA[]]></system-err>

  </testsuite>
  <testsuite errors="0" failures="0" hostname="DESKTOP-AQ97O65" id="2" name="SocialNetworkTest" package="twitter" skipped="0" tests="10" time="0.153" timestamp="2023-02-26T04:23:01">
      <properties>
          <property name="ant.library.dir" value="C:\Users\winph\.p2\pool\plugins\org.apache.ant_1.10.12.v20211102-1452\lib" />

          <property name="java.specification.version" value="17" />

          <property name="sun.cpu.isalist" value="amd64" />

          <property name="sun.jnu.encoding" value="GBK" />

          <property name="which.tests.ran" value="BETA + FINAL" />

          <property name="java.class.path" value="C:\Users\winph\eclipse-workspace\6.005\ps2-tweets\lib\junit-4.12.jar;C:\Users\winph\eclipse-workspace\6.005\ps2-tweets\lib\hamcrest-core-1.3.jar;C:\Users\winph\eclipse-workspace\6.005\ps2-tweets\.grader\bin-tests-student;C:\Users\winph\eclipse-workspace\6.005\ps2-tweets\.grader\bin-impls-student;C:\Users\winph\.p2\pool\plugins\org.apache.ant_1.10.12.v20211102-1452\lib\ant-launcher.jar;C:\Users\winph\.p2\pool\plugins\org.apache.ant_1.10.12.v20211102-1452\lib\ant.jar;C:\Users\winph\.p2\pool\plugins\org.apache.ant_1.10.12.v20211102-1452\lib\ant-junit.jar;C:\Users\winph\.p2\pool\plugins\org.apache.ant_1.10.12.v20211102-1452\lib\ant-junit4.jar" />

          <property name="project.name" value="ps2-tweets" />

          <property name="java.vm.vendor" value="Oracle Corporation" />

          <property name="sun.arch.data.model" value="64" />

          <property name="user.variant" value="" />

          <property name="java.vendor.url" value="https://java.oracle.com/" />

          <property name="os.name" value="Windows 10" />

          <property name="java.vm.specification.version" value="17" />

          <property name="build.sysclasspath" value="ignore" />

          <property name="sun.java.launcher" value="SUN_STANDARD" />

          <property name="user.country" value="CN" />

          <property name="sun.boot.library.path" value="C:\Program Files\Java\jdk-17\bin" />

          <property name="problem.set" value="ps2" />

          <property name="sun.java.command" value="org.apache.tools.ant.taskdefs.optional.junit.JUnitTestRunner twitter.SocialNetworkTest skipNonTests=false filtertrace=true haltOnError=false haltOnFailure=false showoutput=false outputtoformatters=true logfailedtests=true threadid=0 logtestlistenerevents=false formatter=org.apache.tools.ant.taskdefs.optional.junit.XMLJUnitResultFormatter,C:\Users\winph\eclipse-workspace\6.005\ps2-tweets\.grader\TEST-twitter.SocialNetworkTest.xml crashfile=C:\Users\winph\eclipse-workspace\6.005\ps2-tweets\.grader\junitvmwatcher3374622014221923771.properties propsfile=C:\Users\winph\eclipse-workspace\6.005\ps2-tweets\.grader\junit3150222395072612296.properties" />

          <property name="zipfile" value="my-submission.zip" />

          <property name="jdk.debug" value="release" />

          <property name="sun.cpu.endian" value="little" />

          <property name="beta.grader.jar" value="ps2-beta-grader.jar" />

          <property name="user.home" value="C:\Users\winph" />

          <property name="user.language" value="zh" />

          <property name="grader.report.file" value="my-grader-report.xml" />

          <property name="java.specification.vendor" value="Oracle Corporation" />

          <property name="java.version.date" value="2023-01-17" />

          <property name="java.home" value="C:\Program Files\Java\jdk-17" />

          <property name="basedir" value="C:\Users\winph\eclipse-workspace\6.005\ps2-tweets" />

          <property name="file.separator" value="\" />

          <property name="java.vm.compressedOopsMode" value="Zero based" />

          <property name="line.separator" value="&#xd;&#xa;" />

          <property name="ant.java.version" value="17" />

          <property name="java.vm.specification.vendor" value="Oracle Corporation" />

          <property name="java.specification.name" value="Java Platform API Specification" />

          <property name="final.grader.jar" value="ps2-final-grader.jar" />

          <property name="user.script" value="" />

          <property name="sun.management.compiler" value="HotSpot 64-Bit Tiered Compilers" />

          <property name="java.runtime.version" value="17.0.6+9-LTS-190" />

          <property name="java.security.manager" value="allow" />

          <property name="user.name" value="winph" />

          <property name="ant.file" value="C:\Users\winph\eclipse-workspace\6.005\ps2-tweets\grader.xml" />

          <property name="path.separator" value=";" />

          <property name="os.version" value="10.0" />

          <property name="ant.build.javac.target" value="1.8" />

          <property name="java.runtime.name" value="Java(TM) SE Runtime Environment" />

          <property name="file.encoding" value="GBK" />

          <property name="ant.project.invoked-targets" value="all" />

          <property name="java.vm.name" value="Java HotSpot(TM) 64-Bit Server VM" />

          <property name="didit.desc" value="Running your tests on your implementation." />

          <property name="ant.core.lib" value="C:\Users\winph\.p2\pool\plugins\org.apache.ant_1.10.12.v20211102-1452\lib\ant.jar" />

          <property name="java.vendor.url.bug" value="https://bugreport.java.com/bugreport/" />

          <property name="java.io.tmpdir" value="C:\Users\winph\AppData\Local\Temp\" />

          <property name="java.version" value="17.0.6" />

          <property name="user.dir" value="C:\Users\winph\eclipse-workspace\6.005\ps2-tweets" />

          <property name="grader.dir" value=".grader" />

          <property name="os.arch" value="amd64" />

          <property name="java.vm.specification.name" value="Java Virtual Machine Specification" />

          <property name="ant.home" value="C:\Users\winph\.p2\pool\plugins\org.apache.ant_1.10.12.v20211102-1452" />

          <property name="sun.os.patch.level" value="" />

          <property name="native.encoding" value="GBK" />

          <property name="ant.version" value="Apache Ant(TM) version 1.10.12 compiled on October 13 2021" />

          <property name="final.grading" value="true" />

          <property name="java.library.path" value="C:\Program Files\Java\jdk-17\bin;C:\WINDOWS\Sun\Java\bin;C:\WINDOWS\system32;C:\WINDOWS;C:\Program Files\Common Files\Oracle\Java\javapath;C:\WINDOWS\system32;C:\WINDOWS;C:\WINDOWS\System32\Wbem;C:\WINDOWS\System32\WindowsPowerShell\v1.0\;C:\WINDOWS\System32\OpenSSH\;C:\Program Files\MATLAB\R2019b\bin;C:\Program Files\Java\jdk-14.0.1\bin;C:\Program Files\Git\cmd;C:\Program Files\PuTTY\;C:\Program Files\nodejs\;C:\Qt\5.15.2\mingw81_64\bin;;C:\Program Files\Docker\Docker\resources\bin;C:\ProgramData\DockerDesktop\version-bin;C:\Users\winph\AppData\Local\Programs\Python\Python37\Scripts\;C:\Users\winph\AppData\Local\Programs\Python\Python37\;C:\Program Files\MySQL\MySQL Shell 8.0\bin\;C:\Users\winph\AppData\Local\Programs\Microsoft VS Code\bin;C:\mingw64\bin;C:\Program Files\Git;C:\Program Files\Git\bin;C:\Users\winph\AppData\Local\Microsoft\WindowsApps;C:\Program Files\JetBrains\IntelliJ IDEA Community Edition 2020.2.2\bin;;C:\Users\winph\AppData\Roaming\npm;C:\Users\winph\Downloads\mongodb-shell-windows-x86_64-4.4.3\mongodb-win32-x86_64-windows-4.4.3\bin;;C:\Program Files\JetBrains\IntelliJ IDEA 2020.3.2\bin;;C:\Users\winph\AppData\Local\Coursier\data\bin;C:\Users\winph\AppData\Local\JetBrains\IntelliJ IDEA 2022.3.2\bin;;." />

          <property name="java.vendor" value="Oracle Corporation" />

          <property name="java.vm.info" value="mixed mode, sharing" />

          <property name="java.vm.version" value="17.0.6+9-LTS-190" />

          <property name="sun.io.unicode.encoding" value="UnicodeLittle" />

          <property name="java.class.version" value="61.0" />

          <property name="ant.project.default-target" value="all" />

      </properties>

      <testcase classname="twitter.SocialNetworkTest" name="testGuessFollowsGraphNoMention" time="0.005" />

      <testcase classname="twitter.SocialNetworkTest" name="testGuessFollowsGraphInvalidMentionNotAuthor" time="0.0" />

      <testcase classname="twitter.SocialNetworkTest" name="testInfluencersNonEmpty" time="0.004" />

      <testcase classname="twitter.SocialNetworkTest" name="testGuessFollowsGraphEmpty" time="0.0" />

      <testcase classname="twitter.SocialNetworkTest" name="testAssertionsEnabled" time="0.0" />

      <testcase classname="twitter.SocialNetworkTest" name="testGuessFollowsGraphCaseInsensetive" time="0.0" />

      <testcase classname="twitter.SocialNetworkTest" name="testGuessFollowsGraphOneMention" time="0.0" />

      <testcase classname="twitter.SocialNetworkTest" name="testGuessFollowsGraphTwoMention" time="0.001" />

      <testcase classname="twitter.SocialNetworkTest" name="testGuessFollowsGraphInvalidSelfMention" time="0.001" />

      <testcase classname="twitter.SocialNetworkTest" name="testInfluencersEmpty" time="0.001" />

      <system-out><![CDATA[]]></system-out>

      <system-err><![CDATA[]]></system-err>

  </testsuite>
  <testsuite errors="0" failures="7" hostname="DESKTOP-AQ97O65" id="3" name="ExtractTestRunner" package="twitter.staff" skipped="0" tests="13" time="0.216" timestamp="2023-02-26T04:23:09">
      <properties>
          <property name="ant.library.dir" value="C:\Users\winph\.p2\pool\plugins\org.apache.ant_1.10.12.v20211102-1452\lib" />

          <property name="java.specification.version" value="17" />

          <property name="sun.cpu.isalist" value="amd64" />

          <property name="sun.jnu.encoding" value="GBK" />

          <property name="which.tests.ran" value="BETA + FINAL" />

          <property name="java.class.path" value="C:\Users\winph\eclipse-workspace\6.005\ps2-tweets\lib\junit-4.12.jar;C:\Users\winph\eclipse-workspace\6.005\ps2-tweets\lib\hamcrest-core-1.3.jar;C:\Users\winph\eclipse-workspace\6.005\ps2-tweets\.grader\bin-impls-staff-final;C:\Users\winph\eclipse-workspace\6.005\ps2-tweets\.grader\bin-tests-student;C:\Users\winph\.p2\pool\plugins\org.apache.ant_1.10.12.v20211102-1452\lib\ant-launcher.jar;C:\Users\winph\.p2\pool\plugins\org.apache.ant_1.10.12.v20211102-1452\lib\ant.jar;C:\Users\winph\.p2\pool\plugins\org.apache.ant_1.10.12.v20211102-1452\lib\ant-junit.jar;C:\Users\winph\.p2\pool\plugins\org.apache.ant_1.10.12.v20211102-1452\lib\ant-junit4.jar" />

          <property name="project.name" value="ps2-tweets" />

          <property name="java.vm.vendor" value="Oracle Corporation" />

          <property name="sun.arch.data.model" value="64" />

          <property name="user.variant" value="" />

          <property name="java.vendor.url" value="https://java.oracle.com/" />

          <property name="os.name" value="Windows 10" />

          <property name="java.vm.specification.version" value="17" />

          <property name="build.sysclasspath" value="ignore" />

          <property name="sun.java.launcher" value="SUN_STANDARD" />

          <property name="user.country" value="CN" />

          <property name="sun.boot.library.path" value="C:\Program Files\Java\jdk-17\bin" />

          <property name="problem.set" value="ps2" />

          <property name="sun.java.command" value="org.apache.tools.ant.taskdefs.optional.junit.JUnitTestRunner twitter.staff.ExtractTestRunner skipNonTests=false filtertrace=true haltOnError=false haltOnFailure=false showoutput=false outputtoformatters=true logfailedtests=true threadid=0 logtestlistenerevents=false formatter=org.apache.tools.ant.taskdefs.optional.junit.XMLJUnitResultFormatter,C:\Users\winph\eclipse-workspace\6.005\ps2-tweets\.grader\TEST-twitter.staff.ExtractTestRunner.xml crashfile=C:\Users\winph\eclipse-workspace\6.005\ps2-tweets\.grader\junitvmwatcher5599664692600440573.properties propsfile=C:\Users\winph\eclipse-workspace\6.005\ps2-tweets\.grader\junit17255911657013981085.properties" />

          <property name="zipfile" value="my-submission.zip" />

          <property name="jdk.debug" value="release" />

          <property name="sun.cpu.endian" value="little" />

          <property name="beta.grader.jar" value="ps2-beta-grader.jar" />

          <property name="user.home" value="C:\Users\winph" />

          <property name="user.language" value="zh" />

          <property name="grader.report.file" value="my-grader-report.xml" />

          <property name="java.specification.vendor" value="Oracle Corporation" />

          <property name="java.version.date" value="2023-01-17" />

          <property name="java.home" value="C:\Program Files\Java\jdk-17" />

          <property name="basedir" value="C:\Users\winph\eclipse-workspace\6.005\ps2-tweets" />

          <property name="file.separator" value="\" />

          <property name="java.vm.compressedOopsMode" value="Zero based" />

          <property name="line.separator" value="&#xd;&#xa;" />

          <property name="ant.java.version" value="17" />

          <property name="java.vm.specification.vendor" value="Oracle Corporation" />

          <property name="java.specification.name" value="Java Platform API Specification" />

          <property name="final.grader.jar" value="ps2-final-grader.jar" />

          <property name="user.script" value="" />

          <property name="sun.management.compiler" value="HotSpot 64-Bit Tiered Compilers" />

          <property name="java.runtime.version" value="17.0.6+9-LTS-190" />

          <property name="java.security.manager" value="allow" />

          <property name="user.name" value="winph" />

          <property name="ant.file" value="C:\Users\winph\eclipse-workspace\6.005\ps2-tweets\grader.xml" />

          <property name="path.separator" value=";" />

          <property name="os.version" value="10.0" />

          <property name="ant.build.javac.target" value="1.8" />

          <property name="java.runtime.name" value="Java(TM) SE Runtime Environment" />

          <property name="file.encoding" value="GBK" />

          <property name="ant.project.invoked-targets" value="all" />

          <property name="java.vm.name" value="Java HotSpot(TM) 64-Bit Server VM" />

          <property name="didit.desc" value="Running your tests against our good and bad implementations" />

          <property name="ant.core.lib" value="C:\Users\winph\.p2\pool\plugins\org.apache.ant_1.10.12.v20211102-1452\lib\ant.jar" />

          <property name="java.vendor.url.bug" value="https://bugreport.java.com/bugreport/" />

          <property name="java.io.tmpdir" value="C:\Users\winph\AppData\Local\Temp\" />

          <property name="java.version" value="17.0.6" />

          <property name="user.dir" value="C:\Users\winph\eclipse-workspace\6.005\ps2-tweets" />

          <property name="grader.dir" value=".grader" />

          <property name="os.arch" value="amd64" />

          <property name="java.vm.specification.name" value="Java Virtual Machine Specification" />

          <property name="ant.home" value="C:\Users\winph\.p2\pool\plugins\org.apache.ant_1.10.12.v20211102-1452" />

          <property name="sun.os.patch.level" value="" />

          <property name="native.encoding" value="GBK" />

          <property name="ant.version" value="Apache Ant(TM) version 1.10.12 compiled on October 13 2021" />

          <property name="final.grading" value="true" />

          <property name="java.library.path" value="C:\Program Files\Java\jdk-17\bin;C:\WINDOWS\Sun\Java\bin;C:\WINDOWS\system32;C:\WINDOWS;C:\Program Files\Common Files\Oracle\Java\javapath;C:\WINDOWS\system32;C:\WINDOWS;C:\WINDOWS\System32\Wbem;C:\WINDOWS\System32\WindowsPowerShell\v1.0\;C:\WINDOWS\System32\OpenSSH\;C:\Program Files\MATLAB\R2019b\bin;C:\Program Files\Java\jdk-14.0.1\bin;C:\Program Files\Git\cmd;C:\Program Files\PuTTY\;C:\Program Files\nodejs\;C:\Qt\5.15.2\mingw81_64\bin;;C:\Program Files\Docker\Docker\resources\bin;C:\ProgramData\DockerDesktop\version-bin;C:\Users\winph\AppData\Local\Programs\Python\Python37\Scripts\;C:\Users\winph\AppData\Local\Programs\Python\Python37\;C:\Program Files\MySQL\MySQL Shell 8.0\bin\;C:\Users\winph\AppData\Local\Programs\Microsoft VS Code\bin;C:\mingw64\bin;C:\Program Files\Git;C:\Program Files\Git\bin;C:\Users\winph\AppData\Local\Microsoft\WindowsApps;C:\Program Files\JetBrains\IntelliJ IDEA Community Edition 2020.2.2\bin;;C:\Users\winph\AppData\Roaming\npm;C:\Users\winph\Downloads\mongodb-shell-windows-x86_64-4.4.3\mongodb-win32-x86_64-windows-4.4.3\bin;;C:\Program Files\JetBrains\IntelliJ IDEA 2020.3.2\bin;;C:\Users\winph\AppData\Local\Coursier\data\bin;C:\Users\winph\AppData\Local\JetBrains\IntelliJ IDEA 2022.3.2\bin;;." />

          <property name="java.vendor" value="Oracle Corporation" />

          <property name="java.vm.info" value="mixed mode, sharing" />

          <property name="java.vm.version" value="17.0.6+9-LTS-190" />

          <property name="sun.io.unicode.encoding" value="UnicodeLittle" />

          <property name="java.class.version" value="61.0" />

          <property name="ant.project.default-target" value="all" />

      </properties>

      <testcase classname="twitter.staff.ExtractTestRunner" name="yourTests_staffBadImpl_getMentionedUsersOnlyReturnsFirstMentionBug" time="0.063">
          <failure message="None of your tests failed when run against our broken implementation: 5 tests ran with 0 failures in 13 ms." type="junit.framework.AssertionFailedError">junit.framework.AssertionFailedError: None of your tests failed when run against our broken implementation: 5 tests ran with 0 failures in 13 ms.
	at twitter.staff.TestHelpers.assertFailure(TestHelpers.java:59)
	at twitter.staff.ExtractTestRunner.yourTests_staffBadImpl_getMentionedUsersOnlyReturnsFirstMentionBug(ExtractTestRunner.java:83)
	at java.base/jdk.internal.reflect.NativeMethodAccessorImpl.invoke0(Native Method)
	at java.base/jdk.internal.reflect.NativeMethodAccessorImpl.invoke(NativeMethodAccessorImpl.java:77)
	at java.base/jdk.internal.reflect.DelegatingMethodAccessorImpl.invoke(DelegatingMethodAccessorImpl.java:43)
</failure>

      </testcase>

      <testcase classname="twitter.staff.ExtractTestRunner" name="yourTests_staffBadImpl_getMentionedUsersUsernameEndedWithPunctuationBug" time="0.003">
          <failure message="None of your tests failed when run against our broken implementation: 5 tests ran with 0 failures in 1 ms." type="junit.framework.AssertionFailedError">junit.framework.AssertionFailedError: None of your tests failed when run against our broken implementation: 5 tests ran with 0 failures in 1 ms.
	at twitter.staff.TestHelpers.assertFailure(TestHelpers.java:59)
	at twitter.staff.ExtractTestRunner.yourTests_staffBadImpl_getMentionedUsersUsernameEndedWithPunctuationBug(ExtractTestRunner.java:73)
	at java.base/jdk.internal.reflect.NativeMethodAccessorImpl.invoke0(Native Method)
	at java.base/jdk.internal.reflect.NativeMethodAccessorImpl.invoke(NativeMethodAccessorImpl.java:77)
	at java.base/jdk.internal.reflect.DelegatingMethodAccessorImpl.invoke(DelegatingMethodAccessorImpl.java:43)
</failure>

      </testcase>

      <testcase classname="twitter.staff.ExtractTestRunner" name="yourTests_staffBadImpl_getTimespanMultipleSameTimestampBug" time="0.006">
          <failure message="None of your tests failed when run against our broken implementation: 5 tests ran with 0 failures in 1 ms." type="junit.framework.AssertionFailedError">junit.framework.AssertionFailedError: None of your tests failed when run against our broken implementation: 5 tests ran with 0 failures in 1 ms.
	at twitter.staff.TestHelpers.assertFailure(TestHelpers.java:59)
	at twitter.staff.ExtractTestRunner.yourTests_staffBadImpl_getTimespanMultipleSameTimestampBug(ExtractTestRunner.java:48)
	at java.base/jdk.internal.reflect.NativeMethodAccessorImpl.invoke0(Native Method)
	at java.base/jdk.internal.reflect.NativeMethodAccessorImpl.invoke(NativeMethodAccessorImpl.java:77)
	at java.base/jdk.internal.reflect.DelegatingMethodAccessorImpl.invoke(DelegatingMethodAccessorImpl.java:43)
</failure>

      </testcase>

      <testcase classname="twitter.staff.ExtractTestRunner" name="yourTests_staffBadImpl_getTimespanEmptyListBug" time="0.004">
          <failure message="None of your tests failed when run against our broken implementation: 5 tests ran with 0 failures in 1 ms." type="junit.framework.AssertionFailedError">junit.framework.AssertionFailedError: None of your tests failed when run against our broken implementation: 5 tests ran with 0 failures in 1 ms.
	at twitter.staff.TestHelpers.assertFailure(TestHelpers.java:59)
	at twitter.staff.ExtractTestRunner.yourTests_staffBadImpl_getTimespanEmptyListBug(ExtractTestRunner.java:53)
	at java.base/jdk.internal.reflect.NativeMethodAccessorImpl.invoke0(Native Method)
	at java.base/jdk.internal.reflect.NativeMethodAccessorImpl.invoke(NativeMethodAccessorImpl.java:77)
	at java.base/jdk.internal.reflect.DelegatingMethodAccessorImpl.invoke(DelegatingMethodAccessorImpl.java:43)
</failure>

      </testcase>

      <testcase classname="twitter.staff.ExtractTestRunner" name="yourTests_staffBadImpl_getTimespanReturnsGarbageBug" time="0.003" />

      <testcase classname="twitter.staff.ExtractTestRunner" name="yourTests_staffBadImpl_getMentionedUsersMustBeCaseInsensitiveBug" time="0.002" />

      <testcase classname="twitter.staff.ExtractTestRunner" name="yourTests_staffBadImpl_getMentionedUsersRepeatedAtSignBug" time="0.001" />

      <testcase classname="twitter.staff.ExtractTestRunner" name="yourTests_staffBadImpl_getMentionedUsersEmailAddressBug" time="0.003">
          <failure message="None of your tests failed when run against our broken implementation: 5 tests ran with 0 failures in 0 ms." type="junit.framework.AssertionFailedError">junit.framework.AssertionFailedError: None of your tests failed when run against our broken implementation: 5 tests ran with 0 failures in 0 ms.
	at twitter.staff.TestHelpers.assertFailure(TestHelpers.java:59)
	at twitter.staff.ExtractTestRunner.yourTests_staffBadImpl_getMentionedUsersEmailAddressBug(ExtractTestRunner.java:78)
	at java.base/jdk.internal.reflect.NativeMethodAccessorImpl.invoke0(Native Method)
	at java.base/jdk.internal.reflect.NativeMethodAccessorImpl.invoke(NativeMethodAccessorImpl.java:77)
	at java.base/jdk.internal.reflect.DelegatingMethodAccessorImpl.invoke(DelegatingMethodAccessorImpl.java:43)
</failure>

      </testcase>

      <testcase classname="twitter.staff.ExtractTestRunner" name="yourTests_staffBadImpl_getTimespanAssumesInOrderBug" time="0.003">
          <failure message="None of your tests failed when run against our broken implementation: 5 tests ran with 0 failures in 1 ms." type="junit.framework.AssertionFailedError">junit.framework.AssertionFailedError: None of your tests failed when run against our broken implementation: 5 tests ran with 0 failures in 1 ms.
	at twitter.staff.TestHelpers.assertFailure(TestHelpers.java:59)
	at twitter.staff.ExtractTestRunner.yourTests_staffBadImpl_getTimespanAssumesInOrderBug(ExtractTestRunner.java:38)
	at java.base/jdk.internal.reflect.NativeMethodAccessorImpl.invoke0(Native Method)
	at java.base/jdk.internal.reflect.NativeMethodAccessorImpl.invoke(NativeMethodAccessorImpl.java:77)
	at java.base/jdk.internal.reflect.DelegatingMethodAccessorImpl.invoke(DelegatingMethodAccessorImpl.java:43)
</failure>

      </testcase>

      <testcase classname="twitter.staff.ExtractTestRunner" name="yourTests_staffGoodImpl_getTimespanEmptyListUsesToday_getMentionedUsersMixesUpCase" time="0.002" />

      <testcase classname="twitter.staff.ExtractTestRunner" name="yourTests_staffGoodImpl_getTimespanEmptyListUsesOldDate_getMentionedUsersLowerCasesEverything" time="0.002" />

      <testcase classname="twitter.staff.ExtractTestRunner" name="yourTests_staffBadImpl_getTimespanIndexOutOfBoundsBug" time="0.003">
          <failure message="None of your tests failed when run against our broken implementation: 5 tests ran with 0 failures in 1 ms." type="junit.framework.AssertionFailedError">junit.framework.AssertionFailedError: None of your tests failed when run against our broken implementation: 5 tests ran with 0 failures in 1 ms.
	at twitter.staff.TestHelpers.assertFailure(TestHelpers.java:59)
	at twitter.staff.ExtractTestRunner.yourTests_staffBadImpl_getTimespanIndexOutOfBoundsBug(ExtractTestRunner.java:58)
	at java.base/jdk.internal.reflect.NativeMethodAccessorImpl.invoke0(Native Method)
	at java.base/jdk.internal.reflect.NativeMethodAccessorImpl.invoke(NativeMethodAccessorImpl.java:77)
	at java.base/jdk.internal.reflect.DelegatingMethodAccessorImpl.invoke(DelegatingMethodAccessorImpl.java:43)
</failure>

      </testcase>

      <testcase classname="twitter.staff.ExtractTestRunner" name="yourTests_staffBadImpl_getTimespanSingleTweetBug" time="0.001" />

      <system-out><![CDATA[]]></system-out>

      <system-err><![CDATA[]]></system-err>

  </testsuite>
  <testsuite errors="0" failures="9" hostname="DESKTOP-AQ97O65" id="4" name="FilterTestRunner" package="twitter.staff" skipped="0" tests="12" time="0.194" timestamp="2023-02-26T04:23:10">
      <properties>
          <property name="ant.library.dir" value="C:\Users\winph\.p2\pool\plugins\org.apache.ant_1.10.12.v20211102-1452\lib" />

          <property name="java.specification.version" value="17" />

          <property name="sun.cpu.isalist" value="amd64" />

          <property name="sun.jnu.encoding" value="GBK" />

          <property name="which.tests.ran" value="BETA + FINAL" />

          <property name="java.class.path" value="C:\Users\winph\eclipse-workspace\6.005\ps2-tweets\lib\junit-4.12.jar;C:\Users\winph\eclipse-workspace\6.005\ps2-tweets\lib\hamcrest-core-1.3.jar;C:\Users\winph\eclipse-workspace\6.005\ps2-tweets\.grader\bin-impls-staff-final;C:\Users\winph\eclipse-workspace\6.005\ps2-tweets\.grader\bin-tests-student;C:\Users\winph\.p2\pool\plugins\org.apache.ant_1.10.12.v20211102-1452\lib\ant-launcher.jar;C:\Users\winph\.p2\pool\plugins\org.apache.ant_1.10.12.v20211102-1452\lib\ant.jar;C:\Users\winph\.p2\pool\plugins\org.apache.ant_1.10.12.v20211102-1452\lib\ant-junit.jar;C:\Users\winph\.p2\pool\plugins\org.apache.ant_1.10.12.v20211102-1452\lib\ant-junit4.jar" />

          <property name="project.name" value="ps2-tweets" />

          <property name="java.vm.vendor" value="Oracle Corporation" />

          <property name="sun.arch.data.model" value="64" />

          <property name="user.variant" value="" />

          <property name="java.vendor.url" value="https://java.oracle.com/" />

          <property name="os.name" value="Windows 10" />

          <property name="java.vm.specification.version" value="17" />

          <property name="build.sysclasspath" value="ignore" />

          <property name="sun.java.launcher" value="SUN_STANDARD" />

          <property name="user.country" value="CN" />

          <property name="sun.boot.library.path" value="C:\Program Files\Java\jdk-17\bin" />

          <property name="problem.set" value="ps2" />

          <property name="sun.java.command" value="org.apache.tools.ant.taskdefs.optional.junit.JUnitTestRunner twitter.staff.FilterTestRunner skipNonTests=false filtertrace=true haltOnError=false haltOnFailure=false showoutput=false outputtoformatters=true logfailedtests=true threadid=0 logtestlistenerevents=false formatter=org.apache.tools.ant.taskdefs.optional.junit.XMLJUnitResultFormatter,C:\Users\winph\eclipse-workspace\6.005\ps2-tweets\.grader\TEST-twitter.staff.FilterTestRunner.xml crashfile=C:\Users\winph\eclipse-workspace\6.005\ps2-tweets\.grader\junitvmwatcher3832023304011961747.properties propsfile=C:\Users\winph\eclipse-workspace\6.005\ps2-tweets\.grader\junit5364077202213216651.properties" />

          <property name="zipfile" value="my-submission.zip" />

          <property name="jdk.debug" value="release" />

          <property name="sun.cpu.endian" value="little" />

          <property name="beta.grader.jar" value="ps2-beta-grader.jar" />

          <property name="user.home" value="C:\Users\winph" />

          <property name="user.language" value="zh" />

          <property name="grader.report.file" value="my-grader-report.xml" />

          <property name="java.specification.vendor" value="Oracle Corporation" />

          <property name="java.version.date" value="2023-01-17" />

          <property name="java.home" value="C:\Program Files\Java\jdk-17" />

          <property name="basedir" value="C:\Users\winph\eclipse-workspace\6.005\ps2-tweets" />

          <property name="file.separator" value="\" />

          <property name="java.vm.compressedOopsMode" value="Zero based" />

          <property name="line.separator" value="&#xd;&#xa;" />

          <property name="ant.java.version" value="17" />

          <property name="java.vm.specification.vendor" value="Oracle Corporation" />

          <property name="java.specification.name" value="Java Platform API Specification" />

          <property name="final.grader.jar" value="ps2-final-grader.jar" />

          <property name="user.script" value="" />

          <property name="sun.management.compiler" value="HotSpot 64-Bit Tiered Compilers" />

          <property name="java.runtime.version" value="17.0.6+9-LTS-190" />

          <property name="java.security.manager" value="allow" />

          <property name="user.name" value="winph" />

          <property name="ant.file" value="C:\Users\winph\eclipse-workspace\6.005\ps2-tweets\grader.xml" />

          <property name="path.separator" value=";" />

          <property name="os.version" value="10.0" />

          <property name="ant.build.javac.target" value="1.8" />

          <property name="java.runtime.name" value="Java(TM) SE Runtime Environment" />

          <property name="file.encoding" value="GBK" />

          <property name="ant.project.invoked-targets" value="all" />

          <property name="java.vm.name" value="Java HotSpot(TM) 64-Bit Server VM" />

          <property name="didit.desc" value="Running your tests against our good and bad implementations" />

          <property name="ant.core.lib" value="C:\Users\winph\.p2\pool\plugins\org.apache.ant_1.10.12.v20211102-1452\lib\ant.jar" />

          <property name="java.vendor.url.bug" value="https://bugreport.java.com/bugreport/" />

          <property name="java.io.tmpdir" value="C:\Users\winph\AppData\Local\Temp\" />

          <property name="java.version" value="17.0.6" />

          <property name="user.dir" value="C:\Users\winph\eclipse-workspace\6.005\ps2-tweets" />

          <property name="grader.dir" value=".grader" />

          <property name="os.arch" value="amd64" />

          <property name="java.vm.specification.name" value="Java Virtual Machine Specification" />

          <property name="ant.home" value="C:\Users\winph\.p2\pool\plugins\org.apache.ant_1.10.12.v20211102-1452" />

          <property name="sun.os.patch.level" value="" />

          <property name="native.encoding" value="GBK" />

          <property name="ant.version" value="Apache Ant(TM) version 1.10.12 compiled on October 13 2021" />

          <property name="final.grading" value="true" />

          <property name="java.library.path" value="C:\Program Files\Java\jdk-17\bin;C:\WINDOWS\Sun\Java\bin;C:\WINDOWS\system32;C:\WINDOWS;C:\Program Files\Common Files\Oracle\Java\javapath;C:\WINDOWS\system32;C:\WINDOWS;C:\WINDOWS\System32\Wbem;C:\WINDOWS\System32\WindowsPowerShell\v1.0\;C:\WINDOWS\System32\OpenSSH\;C:\Program Files\MATLAB\R2019b\bin;C:\Program Files\Java\jdk-14.0.1\bin;C:\Program Files\Git\cmd;C:\Program Files\PuTTY\;C:\Program Files\nodejs\;C:\Qt\5.15.2\mingw81_64\bin;;C:\Program Files\Docker\Docker\resources\bin;C:\ProgramData\DockerDesktop\version-bin;C:\Users\winph\AppData\Local\Programs\Python\Python37\Scripts\;C:\Users\winph\AppData\Local\Programs\Python\Python37\;C:\Program Files\MySQL\MySQL Shell 8.0\bin\;C:\Users\winph\AppData\Local\Programs\Microsoft VS Code\bin;C:\mingw64\bin;C:\Program Files\Git;C:\Program Files\Git\bin;C:\Users\winph\AppData\Local\Microsoft\WindowsApps;C:\Program Files\JetBrains\IntelliJ IDEA Community Edition 2020.2.2\bin;;C:\Users\winph\AppData\Roaming\npm;C:\Users\winph\Downloads\mongodb-shell-windows-x86_64-4.4.3\mongodb-win32-x86_64-windows-4.4.3\bin;;C:\Program Files\JetBrains\IntelliJ IDEA 2020.3.2\bin;;C:\Users\winph\AppData\Local\Coursier\data\bin;C:\Users\winph\AppData\Local\JetBrains\IntelliJ IDEA 2022.3.2\bin;;." />

          <property name="java.vendor" value="Oracle Corporation" />

          <property name="java.vm.info" value="mixed mode, sharing" />

          <property name="java.vm.version" value="17.0.6+9-LTS-190" />

          <property name="sun.io.unicode.encoding" value="UnicodeLittle" />

          <property name="java.class.version" value="61.0" />

          <property name="ant.project.default-target" value="all" />

      </properties>

      <testcase classname="twitter.staff.FilterTestRunner" name="yourTests_staffBadImpl_inTimespanExclusiveTimespanBug" time="0.042">
          <failure message="None of your tests failed when run against our broken implementation: 6 tests ran with 0 failures in 11 ms." type="junit.framework.AssertionFailedError">junit.framework.AssertionFailedError: None of your tests failed when run against our broken implementation: 6 tests ran with 0 failures in 11 ms.
	at twitter.staff.TestHelpers.assertFailure(TestHelpers.java:59)
	at twitter.staff.FilterTestRunner.yourTests_staffBadImpl_inTimespanExclusiveTimespanBug(FilterTestRunner.java:64)
	at java.base/jdk.internal.reflect.NativeMethodAccessorImpl.invoke0(Native Method)
	at java.base/jdk.internal.reflect.NativeMethodAccessorImpl.invoke(NativeMethodAccessorImpl.java:77)
	at java.base/jdk.internal.reflect.DelegatingMethodAccessorImpl.invoke(DelegatingMethodAccessorImpl.java:43)
</failure>

      </testcase>

      <testcase classname="twitter.staff.FilterTestRunner" name="yourTests_staffBadImpl_containingReturnsSubstringMatchBug" time="0.003">
          <failure message="None of your tests failed when run against our broken implementation: 6 tests ran with 0 failures in 1 ms." type="junit.framework.AssertionFailedError">junit.framework.AssertionFailedError: None of your tests failed when run against our broken implementation: 6 tests ran with 0 failures in 1 ms.
	at twitter.staff.TestHelpers.assertFailure(TestHelpers.java:59)
	at twitter.staff.FilterTestRunner.yourTests_staffBadImpl_containingReturnsSubstringMatchBug(FilterTestRunner.java:94)
	at java.base/jdk.internal.reflect.NativeMethodAccessorImpl.invoke0(Native Method)
	at java.base/jdk.internal.reflect.NativeMethodAccessorImpl.invoke(NativeMethodAccessorImpl.java:77)
	at java.base/jdk.internal.reflect.DelegatingMethodAccessorImpl.invoke(DelegatingMethodAccessorImpl.java:43)
</failure>

      </testcase>

      <testcase classname="twitter.staff.FilterTestRunner" name="yourTests_staffGoodImpl_Filter" time="0.003" />

      <testcase classname="twitter.staff.FilterTestRunner" name="yourTests_staffBadImpl_containingReturnsAndNotOrBug" time="0.004">
          <failure message="None of your tests failed when run against our broken implementation: 6 tests ran with 0 failures in 2 ms." type="junit.framework.AssertionFailedError">junit.framework.AssertionFailedError: None of your tests failed when run against our broken implementation: 6 tests ran with 0 failures in 2 ms.
	at twitter.staff.TestHelpers.assertFailure(TestHelpers.java:59)
	at twitter.staff.FilterTestRunner.yourTests_staffBadImpl_containingReturnsAndNotOrBug(FilterTestRunner.java:89)
	at java.base/jdk.internal.reflect.NativeMethodAccessorImpl.invoke0(Native Method)
	at java.base/jdk.internal.reflect.NativeMethodAccessorImpl.invoke(NativeMethodAccessorImpl.java:77)
	at java.base/jdk.internal.reflect.DelegatingMethodAccessorImpl.invoke(DelegatingMethodAccessorImpl.java:43)
</failure>

      </testcase>

      <testcase classname="twitter.staff.FilterTestRunner" name="yourTests_staffBadImpl_writtenByIndexOutOfBoundsBug" time="0.004">
          <failure message="None of your tests failed when run against our broken implementation: 6 tests ran with 0 failures in 1 ms." type="junit.framework.AssertionFailedError">junit.framework.AssertionFailedError: None of your tests failed when run against our broken implementation: 6 tests ran with 0 failures in 1 ms.
	at twitter.staff.TestHelpers.assertFailure(TestHelpers.java:59)
	at twitter.staff.FilterTestRunner.yourTests_staffBadImpl_writtenByIndexOutOfBoundsBug(FilterTestRunner.java:48)
	at java.base/jdk.internal.reflect.NativeMethodAccessorImpl.invoke0(Native Method)
	at java.base/jdk.internal.reflect.NativeMethodAccessorImpl.invoke(NativeMethodAccessorImpl.java:77)
	at java.base/jdk.internal.reflect.DelegatingMethodAccessorImpl.invoke(DelegatingMethodAccessorImpl.java:43)
</failure>

      </testcase>

      <testcase classname="twitter.staff.FilterTestRunner" name="yourTests_staffBadImpl_containingReturnsFullListBug" time="0.002">
          <failure message="None of your tests failed when run against our broken implementation: 6 tests ran with 0 failures in 0 ms." type="junit.framework.AssertionFailedError">junit.framework.AssertionFailedError: None of your tests failed when run against our broken implementation: 6 tests ran with 0 failures in 0 ms.
	at twitter.staff.TestHelpers.assertFailure(TestHelpers.java:59)
	at twitter.staff.FilterTestRunner.yourTests_staffBadImpl_containingReturnsFullListBug(FilterTestRunner.java:79)
	at java.base/jdk.internal.reflect.NativeMethodAccessorImpl.invoke0(Native Method)
	at java.base/jdk.internal.reflect.NativeMethodAccessorImpl.invoke(NativeMethodAccessorImpl.java:77)
	at java.base/jdk.internal.reflect.DelegatingMethodAccessorImpl.invoke(DelegatingMethodAccessorImpl.java:43)
</failure>

      </testcase>

      <testcase classname="twitter.staff.FilterTestRunner" name="yourTests_staffBadImpl_inTimespanReturnsFullListBug" time="0.003">
          <failure message="None of your tests failed when run against our broken implementation: 6 tests ran with 0 failures in 1 ms." type="junit.framework.AssertionFailedError">junit.framework.AssertionFailedError: None of your tests failed when run against our broken implementation: 6 tests ran with 0 failures in 1 ms.
	at twitter.staff.TestHelpers.assertFailure(TestHelpers.java:59)
	at twitter.staff.FilterTestRunner.yourTests_staffBadImpl_inTimespanReturnsFullListBug(FilterTestRunner.java:59)
	at java.base/jdk.internal.reflect.NativeMethodAccessorImpl.invoke0(Native Method)
	at java.base/jdk.internal.reflect.NativeMethodAccessorImpl.invoke(NativeMethodAccessorImpl.java:77)
	at java.base/jdk.internal.reflect.DelegatingMethodAccessorImpl.invoke(DelegatingMethodAccessorImpl.java:43)
</failure>

      </testcase>

      <testcase classname="twitter.staff.FilterTestRunner" name="yourTests_staffBadImpl_writtenByReturnsOnlyFirstResultBug" time="0.003" />

      <testcase classname="twitter.staff.FilterTestRunner" name="yourTests_staffBadImpl_writtenByMustBeCaseInsensitiveBug" time="0.003">
          <failure message="None of your tests failed when run against our broken implementation: 6 tests ran with 0 failures in 1 ms." type="junit.framework.AssertionFailedError">junit.framework.AssertionFailedError: None of your tests failed when run against our broken implementation: 6 tests ran with 0 failures in 1 ms.
	at twitter.staff.TestHelpers.assertFailure(TestHelpers.java:59)
	at twitter.staff.FilterTestRunner.yourTests_staffBadImpl_writtenByMustBeCaseInsensitiveBug(FilterTestRunner.java:43)
	at java.base/jdk.internal.reflect.NativeMethodAccessorImpl.invoke0(Native Method)
	at java.base/jdk.internal.reflect.NativeMethodAccessorImpl.invoke(NativeMethodAccessorImpl.java:77)
	at java.base/jdk.internal.reflect.DelegatingMethodAccessorImpl.invoke(DelegatingMethodAccessorImpl.java:43)
</failure>

      </testcase>

      <testcase classname="twitter.staff.FilterTestRunner" name="yourTests_staffBadImpl_inTimespanAssumesInOrderBug" time="0.003">
          <failure message="None of your tests failed when run against our broken implementation: 6 tests ran with 0 failures in 0 ms." type="junit.framework.AssertionFailedError">junit.framework.AssertionFailedError: None of your tests failed when run against our broken implementation: 6 tests ran with 0 failures in 0 ms.
	at twitter.staff.TestHelpers.assertFailure(TestHelpers.java:59)
	at twitter.staff.FilterTestRunner.yourTests_staffBadImpl_inTimespanAssumesInOrderBug(FilterTestRunner.java:69)
	at java.base/jdk.internal.reflect.NativeMethodAccessorImpl.invoke0(Native Method)
	at java.base/jdk.internal.reflect.NativeMethodAccessorImpl.invoke(NativeMethodAccessorImpl.java:77)
	at java.base/jdk.internal.reflect.DelegatingMethodAccessorImpl.invoke(DelegatingMethodAccessorImpl.java:43)
</failure>

      </testcase>

      <testcase classname="twitter.staff.FilterTestRunner" name="yourTests_staffBadImpl_writtenByReturnsFullListBug" time="0.002" />

      <testcase classname="twitter.staff.FilterTestRunner" name="yourTests_staffBadImpl_containingMustBeCaseInsensitiveBug" time="0.002">
          <failure message="None of your tests failed when run against our broken implementation: 6 tests ran with 0 failures in 1 ms." type="junit.framework.AssertionFailedError">junit.framework.AssertionFailedError: None of your tests failed when run against our broken implementation: 6 tests ran with 0 failures in 1 ms.
	at twitter.staff.TestHelpers.assertFailure(TestHelpers.java:59)
	at twitter.staff.FilterTestRunner.yourTests_staffBadImpl_containingMustBeCaseInsensitiveBug(FilterTestRunner.java:84)
	at java.base/jdk.internal.reflect.NativeMethodAccessorImpl.invoke0(Native Method)
	at java.base/jdk.internal.reflect.NativeMethodAccessorImpl.invoke(NativeMethodAccessorImpl.java:77)
	at java.base/jdk.internal.reflect.DelegatingMethodAccessorImpl.invoke(DelegatingMethodAccessorImpl.java:43)
</failure>

      </testcase>

      <system-out><![CDATA[]]></system-out>

      <system-err><![CDATA[]]></system-err>

  </testsuite>
  <testsuite errors="1" failures="2" hostname="DESKTOP-AQ97O65" id="5" name="GradingExtractTest" package="twitter.staff" skipped="0" tests="21" time="0.158" timestamp="2023-02-26T04:23:06">
      <properties>
          <property name="ant.library.dir" value="C:\Users\winph\.p2\pool\plugins\org.apache.ant_1.10.12.v20211102-1452\lib" />

          <property name="java.specification.version" value="17" />

          <property name="sun.cpu.isalist" value="amd64" />

          <property name="sun.jnu.encoding" value="GBK" />

          <property name="which.tests.ran" value="BETA + FINAL" />

          <property name="java.class.path" value="C:\Users\winph\eclipse-workspace\6.005\ps2-tweets\lib\junit-4.12.jar;C:\Users\winph\eclipse-workspace\6.005\ps2-tweets\lib\hamcrest-core-1.3.jar;C:\Users\winph\eclipse-workspace\6.005\ps2-tweets\.grader\bin-tests-final;C:\Users\winph\eclipse-workspace\6.005\ps2-tweets\.grader\bin-impls-student;C:\Users\winph\.p2\pool\plugins\org.apache.ant_1.10.12.v20211102-1452\lib\ant-launcher.jar;C:\Users\winph\.p2\pool\plugins\org.apache.ant_1.10.12.v20211102-1452\lib\ant.jar;C:\Users\winph\.p2\pool\plugins\org.apache.ant_1.10.12.v20211102-1452\lib\ant-junit.jar;C:\Users\winph\.p2\pool\plugins\org.apache.ant_1.10.12.v20211102-1452\lib\ant-junit4.jar" />

          <property name="project.name" value="ps2-tweets" />

          <property name="java.vm.vendor" value="Oracle Corporation" />

          <property name="sun.arch.data.model" value="64" />

          <property name="user.variant" value="" />

          <property name="java.vendor.url" value="https://java.oracle.com/" />

          <property name="os.name" value="Windows 10" />

          <property name="java.vm.specification.version" value="17" />

          <property name="build.sysclasspath" value="ignore" />

          <property name="sun.java.launcher" value="SUN_STANDARD" />

          <property name="user.country" value="CN" />

          <property name="sun.boot.library.path" value="C:\Program Files\Java\jdk-17\bin" />

          <property name="problem.set" value="ps2" />

          <property name="sun.java.command" value="org.apache.tools.ant.taskdefs.optional.junit.JUnitTestRunner twitter.staff.GradingExtractTest skipNonTests=false filtertrace=true haltOnError=false haltOnFailure=false showoutput=false outputtoformatters=true logfailedtests=true threadid=0 logtestlistenerevents=false formatter=org.apache.tools.ant.taskdefs.optional.junit.XMLJUnitResultFormatter,C:\Users\winph\eclipse-workspace\6.005\ps2-tweets\.grader\TEST-twitter.staff.GradingExtractTest.xml crashfile=C:\Users\winph\eclipse-workspace\6.005\ps2-tweets\.grader\junitvmwatcher4771086243307100277.properties propsfile=C:\Users\winph\eclipse-workspace\6.005\ps2-tweets\.grader\junit11988341839149243706.properties" />

          <property name="zipfile" value="my-submission.zip" />

          <property name="jdk.debug" value="release" />

          <property name="sun.cpu.endian" value="little" />

          <property name="beta.grader.jar" value="ps2-beta-grader.jar" />

          <property name="user.home" value="C:\Users\winph" />

          <property name="user.language" value="zh" />

          <property name="grader.report.file" value="my-grader-report.xml" />

          <property name="java.specification.vendor" value="Oracle Corporation" />

          <property name="java.version.date" value="2023-01-17" />

          <property name="java.home" value="C:\Program Files\Java\jdk-17" />

          <property name="basedir" value="C:\Users\winph\eclipse-workspace\6.005\ps2-tweets" />

          <property name="file.separator" value="\" />

          <property name="java.vm.compressedOopsMode" value="Zero based" />

          <property name="line.separator" value="&#xd;&#xa;" />

          <property name="ant.java.version" value="17" />

          <property name="java.vm.specification.vendor" value="Oracle Corporation" />

          <property name="java.specification.name" value="Java Platform API Specification" />

          <property name="final.grader.jar" value="ps2-final-grader.jar" />

          <property name="user.script" value="" />

          <property name="sun.management.compiler" value="HotSpot 64-Bit Tiered Compilers" />

          <property name="java.runtime.version" value="17.0.6+9-LTS-190" />

          <property name="java.security.manager" value="allow" />

          <property name="user.name" value="winph" />

          <property name="ant.file" value="C:\Users\winph\eclipse-workspace\6.005\ps2-tweets\grader.xml" />

          <property name="path.separator" value=";" />

          <property name="os.version" value="10.0" />

          <property name="ant.build.javac.target" value="1.8" />

          <property name="java.runtime.name" value="Java(TM) SE Runtime Environment" />

          <property name="file.encoding" value="GBK" />

          <property name="ant.project.invoked-targets" value="all" />

          <property name="java.vm.name" value="Java HotSpot(TM) 64-Bit Server VM" />

          <property name="didit.desc" value="Running our tests against your implementation" />

          <property name="ant.core.lib" value="C:\Users\winph\.p2\pool\plugins\org.apache.ant_1.10.12.v20211102-1452\lib\ant.jar" />

          <property name="java.vendor.url.bug" value="https://bugreport.java.com/bugreport/" />

          <property name="java.io.tmpdir" value="C:\Users\winph\AppData\Local\Temp\" />

          <property name="java.version" value="17.0.6" />

          <property name="user.dir" value="C:\Users\winph\eclipse-workspace\6.005\ps2-tweets" />

          <property name="grader.dir" value=".grader" />

          <property name="os.arch" value="amd64" />

          <property name="java.vm.specification.name" value="Java Virtual Machine Specification" />

          <property name="ant.home" value="C:\Users\winph\.p2\pool\plugins\org.apache.ant_1.10.12.v20211102-1452" />

          <property name="sun.os.patch.level" value="" />

          <property name="native.encoding" value="GBK" />

          <property name="ant.version" value="Apache Ant(TM) version 1.10.12 compiled on October 13 2021" />

          <property name="final.grading" value="true" />

          <property name="java.library.path" value="C:\Program Files\Java\jdk-17\bin;C:\WINDOWS\Sun\Java\bin;C:\WINDOWS\system32;C:\WINDOWS;C:\Program Files\Common Files\Oracle\Java\javapath;C:\WINDOWS\system32;C:\WINDOWS;C:\WINDOWS\System32\Wbem;C:\WINDOWS\System32\WindowsPowerShell\v1.0\;C:\WINDOWS\System32\OpenSSH\;C:\Program Files\MATLAB\R2019b\bin;C:\Program Files\Java\jdk-14.0.1\bin;C:\Program Files\Git\cmd;C:\Program Files\PuTTY\;C:\Program Files\nodejs\;C:\Qt\5.15.2\mingw81_64\bin;;C:\Program Files\Docker\Docker\resources\bin;C:\ProgramData\DockerDesktop\version-bin;C:\Users\winph\AppData\Local\Programs\Python\Python37\Scripts\;C:\Users\winph\AppData\Local\Programs\Python\Python37\;C:\Program Files\MySQL\MySQL Shell 8.0\bin\;C:\Users\winph\AppData\Local\Programs\Microsoft VS Code\bin;C:\mingw64\bin;C:\Program Files\Git;C:\Program Files\Git\bin;C:\Users\winph\AppData\Local\Microsoft\WindowsApps;C:\Program Files\JetBrains\IntelliJ IDEA Community Edition 2020.2.2\bin;;C:\Users\winph\AppData\Roaming\npm;C:\Users\winph\Downloads\mongodb-shell-windows-x86_64-4.4.3\mongodb-win32-x86_64-windows-4.4.3\bin;;C:\Program Files\JetBrains\IntelliJ IDEA 2020.3.2\bin;;C:\Users\winph\AppData\Local\Coursier\data\bin;C:\Users\winph\AppData\Local\JetBrains\IntelliJ IDEA 2022.3.2\bin;;." />

          <property name="java.vendor" value="Oracle Corporation" />

          <property name="java.vm.info" value="mixed mode, sharing" />

          <property name="java.vm.version" value="17.0.6+9-LTS-190" />

          <property name="sun.io.unicode.encoding" value="UnicodeLittle" />

          <property name="java.class.version" value="61.0" />

          <property name="ant.project.default-target" value="all" />

      </properties>

      <testcase classname="twitter.staff.GradingExtractTest" name="testGetMentionedUsersSingleMentionSingleTweet" time="0.004" />

      <testcase classname="twitter.staff.GradingExtractTest" name="testGetTimespanMultipleStampsWithDuplicates" time="0.001" />

      <testcase classname="twitter.staff.GradingExtractTest" name="testGetMentionedUsersEmailAddress" time="0.008">
          <failure message="expected empty set" type="junit.framework.AssertionFailedError">junit.framework.AssertionFailedError: expected empty set
	at twitter.staff.GradingExtractTest.testGetMentionedUsersEmailAddress(GradingExtractTest.java:265)
	at java.base/jdk.internal.reflect.NativeMethodAccessorImpl.invoke0(Native Method)
	at java.base/jdk.internal.reflect.NativeMethodAccessorImpl.invoke(NativeMethodAccessorImpl.java:77)
	at java.base/jdk.internal.reflect.DelegatingMethodAccessorImpl.invoke(DelegatingMethodAccessorImpl.java:43)
</failure>

      </testcase>

      <testcase classname="twitter.staff.GradingExtractTest" name="testGetMentionedUsersUsernameEndedByPunctuation" time="0.001" />

      <testcase classname="twitter.staff.GradingExtractTest" name="testGetMentionedUsersMultipleMentionsMultipleTweets" time="0.001" />

      <testcase classname="twitter.staff.GradingExtractTest" name="testGetMentionedUsersSingleMentionMultipleTweetsMustBeCaseInsensitive" time="0.001" />

      <testcase classname="twitter.staff.GradingExtractTest" name="testGetMentionedUsersUsernameIsHyphenated" time="0.001">
          <failure message="unexpected user in set" type="junit.framework.AssertionFailedError">junit.framework.AssertionFailedError: unexpected user in set
	at twitter.staff.GradingExtractTest.testGetMentionedUsersUsernameIsHyphenated(GradingExtractTest.java:319)
	at java.base/jdk.internal.reflect.NativeMethodAccessorImpl.invoke0(Native Method)
	at java.base/jdk.internal.reflect.NativeMethodAccessorImpl.invoke(NativeMethodAccessorImpl.java:77)
	at java.base/jdk.internal.reflect.DelegatingMethodAccessorImpl.invoke(DelegatingMethodAccessorImpl.java:43)
</failure>

      </testcase>

      <testcase classname="twitter.staff.GradingExtractTest" name="testGetMentionedUsersInvalidFollowingCharacters" time="0.001" />

      <testcase classname="twitter.staff.GradingExtractTest" name="testGetMentionedUsersUnderscores" time="0.001" />

      <testcase classname="twitter.staff.GradingExtractTest" name="testGetTimespanTwoDifferentStamps" time="0.0" />

      <testcase classname="twitter.staff.GradingExtractTest" name="testGetTimespanMultipleStampsWithoutDuplicates" time="0.0" />

      <testcase classname="twitter.staff.GradingExtractTest" name="testGetMentionedUsersEmptyList" time="0.0" />

      <testcase classname="twitter.staff.GradingExtractTest" name="testGetTimespanTwoDuplicateStamps" time="0.0" />

      <testcase classname="twitter.staff.GradingExtractTest" name="testGetMentionedUsersPreceededByPunctuation" time="0.001" />

      <testcase classname="twitter.staff.GradingExtractTest" name="testGetTimespanEmptyListAlwaysReturnsZeroLengthTimespan" time="0.0">
          <error message="tweets size == 0" type="java.lang.IllegalArgumentException">java.lang.IllegalArgumentException: tweets size == 0
	at twitter.Extract.getTimespan(Extract.java:29)
	at twitter.staff.GradingExtractTest.testGetTimespanEmptyListAlwaysReturnsZeroLengthTimespan(GradingExtractTest.java:48)
	at java.base/jdk.internal.reflect.NativeMethodAccessorImpl.invoke0(Native Method)
	at java.base/jdk.internal.reflect.NativeMethodAccessorImpl.invoke(NativeMethodAccessorImpl.java:77)
	at java.base/jdk.internal.reflect.DelegatingMethodAccessorImpl.invoke(DelegatingMethodAccessorImpl.java:43)
</error>

      </testcase>

      <testcase classname="twitter.staff.GradingExtractTest" name="testGetMentionedUsersSingleAtSignNoFollowingUsername" time="0.0" />

      <testcase classname="twitter.staff.GradingExtractTest" name="testGetMentionedUsersMultipleMentionsSingleTweet" time="0.0" />

      <testcase classname="twitter.staff.GradingExtractTest" name="testGetMentionedUsersSingleMentionMultipleTweets" time="0.0" />

      <testcase classname="twitter.staff.GradingExtractTest" name="testGetTimespanSingleTweet" time="0.0" />

      <testcase classname="twitter.staff.GradingExtractTest" name="testGetMentionedUsersNoMentionsSingleTweet" time="0.0" />

      <testcase classname="twitter.staff.GradingExtractTest" name="testGetMentionedUsersMultipleAtSigns" time="0.001" />

      <system-out><![CDATA[]]></system-out>

      <system-err><![CDATA[]]></system-err>

  </testsuite>
  <testsuite errors="0" failures="2" hostname="DESKTOP-AQ97O65" id="6" name="GradingFilterTest" package="twitter.staff" skipped="0" tests="21" time="0.169" timestamp="2023-02-26T04:23:07">
      <properties>
          <property name="ant.library.dir" value="C:\Users\winph\.p2\pool\plugins\org.apache.ant_1.10.12.v20211102-1452\lib" />

          <property name="java.specification.version" value="17" />

          <property name="sun.cpu.isalist" value="amd64" />

          <property name="sun.jnu.encoding" value="GBK" />

          <property name="which.tests.ran" value="BETA + FINAL" />

          <property name="java.class.path" value="C:\Users\winph\eclipse-workspace\6.005\ps2-tweets\lib\junit-4.12.jar;C:\Users\winph\eclipse-workspace\6.005\ps2-tweets\lib\hamcrest-core-1.3.jar;C:\Users\winph\eclipse-workspace\6.005\ps2-tweets\.grader\bin-tests-final;C:\Users\winph\eclipse-workspace\6.005\ps2-tweets\.grader\bin-impls-student;C:\Users\winph\.p2\pool\plugins\org.apache.ant_1.10.12.v20211102-1452\lib\ant-launcher.jar;C:\Users\winph\.p2\pool\plugins\org.apache.ant_1.10.12.v20211102-1452\lib\ant.jar;C:\Users\winph\.p2\pool\plugins\org.apache.ant_1.10.12.v20211102-1452\lib\ant-junit.jar;C:\Users\winph\.p2\pool\plugins\org.apache.ant_1.10.12.v20211102-1452\lib\ant-junit4.jar" />

          <property name="project.name" value="ps2-tweets" />

          <property name="java.vm.vendor" value="Oracle Corporation" />

          <property name="sun.arch.data.model" value="64" />

          <property name="user.variant" value="" />

          <property name="java.vendor.url" value="https://java.oracle.com/" />

          <property name="os.name" value="Windows 10" />

          <property name="java.vm.specification.version" value="17" />

          <property name="build.sysclasspath" value="ignore" />

          <property name="sun.java.launcher" value="SUN_STANDARD" />

          <property name="user.country" value="CN" />

          <property name="sun.boot.library.path" value="C:\Program Files\Java\jdk-17\bin" />

          <property name="problem.set" value="ps2" />

          <property name="sun.java.command" value="org.apache.tools.ant.taskdefs.optional.junit.JUnitTestRunner twitter.staff.GradingFilterTest skipNonTests=false filtertrace=true haltOnError=false haltOnFailure=false showoutput=false outputtoformatters=true logfailedtests=true threadid=0 logtestlistenerevents=false formatter=org.apache.tools.ant.taskdefs.optional.junit.XMLJUnitResultFormatter,C:\Users\winph\eclipse-workspace\6.005\ps2-tweets\.grader\TEST-twitter.staff.GradingFilterTest.xml crashfile=C:\Users\winph\eclipse-workspace\6.005\ps2-tweets\.grader\junitvmwatcher16996215639482302168.properties propsfile=C:\Users\winph\eclipse-workspace\6.005\ps2-tweets\.grader\junit423117742405508812.properties" />

          <property name="zipfile" value="my-submission.zip" />

          <property name="jdk.debug" value="release" />

          <property name="sun.cpu.endian" value="little" />

          <property name="beta.grader.jar" value="ps2-beta-grader.jar" />

          <property name="user.home" value="C:\Users\winph" />

          <property name="user.language" value="zh" />

          <property name="grader.report.file" value="my-grader-report.xml" />

          <property name="java.specification.vendor" value="Oracle Corporation" />

          <property name="java.version.date" value="2023-01-17" />

          <property name="java.home" value="C:\Program Files\Java\jdk-17" />

          <property name="basedir" value="C:\Users\winph\eclipse-workspace\6.005\ps2-tweets" />

          <property name="file.separator" value="\" />

          <property name="java.vm.compressedOopsMode" value="Zero based" />

          <property name="line.separator" value="&#xd;&#xa;" />

          <property name="ant.java.version" value="17" />

          <property name="java.vm.specification.vendor" value="Oracle Corporation" />

          <property name="java.specification.name" value="Java Platform API Specification" />

          <property name="final.grader.jar" value="ps2-final-grader.jar" />

          <property name="user.script" value="" />

          <property name="sun.management.compiler" value="HotSpot 64-Bit Tiered Compilers" />

          <property name="java.runtime.version" value="17.0.6+9-LTS-190" />

          <property name="java.security.manager" value="allow" />

          <property name="user.name" value="winph" />

          <property name="ant.file" value="C:\Users\winph\eclipse-workspace\6.005\ps2-tweets\grader.xml" />

          <property name="path.separator" value=";" />

          <property name="os.version" value="10.0" />

          <property name="ant.build.javac.target" value="1.8" />

          <property name="java.runtime.name" value="Java(TM) SE Runtime Environment" />

          <property name="file.encoding" value="GBK" />

          <property name="ant.project.invoked-targets" value="all" />

          <property name="java.vm.name" value="Java HotSpot(TM) 64-Bit Server VM" />

          <property name="didit.desc" value="Running our tests against your implementation" />

          <property name="ant.core.lib" value="C:\Users\winph\.p2\pool\plugins\org.apache.ant_1.10.12.v20211102-1452\lib\ant.jar" />

          <property name="java.vendor.url.bug" value="https://bugreport.java.com/bugreport/" />

          <property name="java.io.tmpdir" value="C:\Users\winph\AppData\Local\Temp\" />

          <property name="java.version" value="17.0.6" />

          <property name="user.dir" value="C:\Users\winph\eclipse-workspace\6.005\ps2-tweets" />

          <property name="grader.dir" value=".grader" />

          <property name="os.arch" value="amd64" />

          <property name="java.vm.specification.name" value="Java Virtual Machine Specification" />

          <property name="ant.home" value="C:\Users\winph\.p2\pool\plugins\org.apache.ant_1.10.12.v20211102-1452" />

          <property name="sun.os.patch.level" value="" />

          <property name="native.encoding" value="GBK" />

          <property name="ant.version" value="Apache Ant(TM) version 1.10.12 compiled on October 13 2021" />

          <property name="final.grading" value="true" />

          <property name="java.library.path" value="C:\Program Files\Java\jdk-17\bin;C:\WINDOWS\Sun\Java\bin;C:\WINDOWS\system32;C:\WINDOWS;C:\Program Files\Common Files\Oracle\Java\javapath;C:\WINDOWS\system32;C:\WINDOWS;C:\WINDOWS\System32\Wbem;C:\WINDOWS\System32\WindowsPowerShell\v1.0\;C:\WINDOWS\System32\OpenSSH\;C:\Program Files\MATLAB\R2019b\bin;C:\Program Files\Java\jdk-14.0.1\bin;C:\Program Files\Git\cmd;C:\Program Files\PuTTY\;C:\Program Files\nodejs\;C:\Qt\5.15.2\mingw81_64\bin;;C:\Program Files\Docker\Docker\resources\bin;C:\ProgramData\DockerDesktop\version-bin;C:\Users\winph\AppData\Local\Programs\Python\Python37\Scripts\;C:\Users\winph\AppData\Local\Programs\Python\Python37\;C:\Program Files\MySQL\MySQL Shell 8.0\bin\;C:\Users\winph\AppData\Local\Programs\Microsoft VS Code\bin;C:\mingw64\bin;C:\Program Files\Git;C:\Program Files\Git\bin;C:\Users\winph\AppData\Local\Microsoft\WindowsApps;C:\Program Files\JetBrains\IntelliJ IDEA Community Edition 2020.2.2\bin;;C:\Users\winph\AppData\Roaming\npm;C:\Users\winph\Downloads\mongodb-shell-windows-x86_64-4.4.3\mongodb-win32-x86_64-windows-4.4.3\bin;;C:\Program Files\JetBrains\IntelliJ IDEA 2020.3.2\bin;;C:\Users\winph\AppData\Local\Coursier\data\bin;C:\Users\winph\AppData\Local\JetBrains\IntelliJ IDEA 2022.3.2\bin;;." />

          <property name="java.vendor" value="Oracle Corporation" />

          <property name="java.vm.info" value="mixed mode, sharing" />

          <property name="java.vm.version" value="17.0.6+9-LTS-190" />

          <property name="sun.io.unicode.encoding" value="UnicodeLittle" />

          <property name="java.class.version" value="61.0" />

          <property name="ant.project.default-target" value="all" />

      </properties>

      <testcase classname="twitter.staff.GradingFilterTest" name="testContainingPunctuation" time="0.004" />

      <testcase classname="twitter.staff.GradingFilterTest" name="testWrittenByUnderscores" time="0.0" />

      <testcase classname="twitter.staff.GradingFilterTest" name="testContainingNoResults" time="0.0" />

      <testcase classname="twitter.staff.GradingFilterTest" name="testContainingNoWordsToCheck" time="0.0" />

      <testcase classname="twitter.staff.GradingFilterTest" name="testContainingMultipleSearchWords" time="0.0" />

      <testcase classname="twitter.staff.GradingFilterTest" name="testContainingNoFullWordMatch" time="0.012">
          <failure message="expected empty list" type="junit.framework.AssertionFailedError">junit.framework.AssertionFailedError: expected empty list
	at twitter.staff.GradingFilterTest.testContainingNoFullWordMatch(GradingFilterTest.java:346)
	at java.base/jdk.internal.reflect.NativeMethodAccessorImpl.invoke0(Native Method)
	at java.base/jdk.internal.reflect.NativeMethodAccessorImpl.invoke(NativeMethodAccessorImpl.java:77)
	at java.base/jdk.internal.reflect.DelegatingMethodAccessorImpl.invoke(DelegatingMethodAccessorImpl.java:43)
</failure>

      </testcase>

      <testcase classname="twitter.staff.GradingFilterTest" name="testInTimespanEmptyList" time="0.001" />

      <testcase classname="twitter.staff.GradingFilterTest" name="testWrittenByEmptyList" time="0.0" />

      <testcase classname="twitter.staff.GradingFilterTest" name="testInTimespanSingleTweetTimespanInexact" time="0.001" />

      <testcase classname="twitter.staff.GradingFilterTest" name="testContainingMustBeCaseInsensitive" time="0.0" />

      <testcase classname="twitter.staff.GradingFilterTest" name="testContainingEmptyList" time="0.0" />

      <testcase classname="twitter.staff.GradingFilterTest" name="testWrittenByMustBeCaseInsensitive" time="0.003">
          <failure message="expected non-empty list" type="junit.framework.AssertionFailedError">junit.framework.AssertionFailedError: expected non-empty list
	at twitter.staff.GradingFilterTest.testWrittenByMustBeCaseInsensitive(GradingFilterTest.java:96)
	at java.base/jdk.internal.reflect.NativeMethodAccessorImpl.invoke0(Native Method)
	at java.base/jdk.internal.reflect.NativeMethodAccessorImpl.invoke(NativeMethodAccessorImpl.java:77)
	at java.base/jdk.internal.reflect.DelegatingMethodAccessorImpl.invoke(DelegatingMethodAccessorImpl.java:43)
</failure>

      </testcase>

      <testcase classname="twitter.staff.GradingFilterTest" name="testContainingSingleSearchWordSingleResult" time="0.0" />

      <testcase classname="twitter.staff.GradingFilterTest" name="testInTimespanNoTweetsInSpan" time="0.0" />

      <testcase classname="twitter.staff.GradingFilterTest" name="testInTimespanMultipleTweetsInexact" time="0.0" />

      <testcase classname="twitter.staff.GradingFilterTest" name="testContainingSingleSearchWordMultipleResult" time="0.0" />

      <testcase classname="twitter.staff.GradingFilterTest" name="testWrittenByAuthorNotFound" time="0.0" />

      <testcase classname="twitter.staff.GradingFilterTest" name="testInTimespanTweetsOutOfOrder" time="0.0" />

      <testcase classname="twitter.staff.GradingFilterTest" name="testInTimespanMultipleTweetsExact" time="0.0" />

      <testcase classname="twitter.staff.GradingFilterTest" name="testWrittenByAuthorFound" time="0.0" />

      <testcase classname="twitter.staff.GradingFilterTest" name="testInTimespanSingleTweetTimespanExact" time="0.0" />

      <system-out><![CDATA[]]></system-out>

      <system-err><![CDATA[]]></system-err>

  </testsuite>
  <testsuite errors="3" failures="2" hostname="DESKTOP-AQ97O65" id="7" name="GradingSocialNetworkTest" package="twitter.staff" skipped="0" tests="14" time="0.189" timestamp="2023-02-26T04:23:08">
      <properties>
          <property name="ant.library.dir" value="C:\Users\winph\.p2\pool\plugins\org.apache.ant_1.10.12.v20211102-1452\lib" />

          <property name="java.specification.version" value="17" />

          <property name="sun.cpu.isalist" value="amd64" />

          <property name="sun.jnu.encoding" value="GBK" />

          <property name="which.tests.ran" value="BETA + FINAL" />

          <property name="java.class.path" value="C:\Users\winph\eclipse-workspace\6.005\ps2-tweets\lib\junit-4.12.jar;C:\Users\winph\eclipse-workspace\6.005\ps2-tweets\lib\hamcrest-core-1.3.jar;C:\Users\winph\eclipse-workspace\6.005\ps2-tweets\.grader\bin-tests-final;C:\Users\winph\eclipse-workspace\6.005\ps2-tweets\.grader\bin-impls-student;C:\Users\winph\.p2\pool\plugins\org.apache.ant_1.10.12.v20211102-1452\lib\ant-launcher.jar;C:\Users\winph\.p2\pool\plugins\org.apache.ant_1.10.12.v20211102-1452\lib\ant.jar;C:\Users\winph\.p2\pool\plugins\org.apache.ant_1.10.12.v20211102-1452\lib\ant-junit.jar;C:\Users\winph\.p2\pool\plugins\org.apache.ant_1.10.12.v20211102-1452\lib\ant-junit4.jar" />

          <property name="project.name" value="ps2-tweets" />

          <property name="java.vm.vendor" value="Oracle Corporation" />

          <property name="sun.arch.data.model" value="64" />

          <property name="user.variant" value="" />

          <property name="java.vendor.url" value="https://java.oracle.com/" />

          <property name="os.name" value="Windows 10" />

          <property name="java.vm.specification.version" value="17" />

          <property name="build.sysclasspath" value="ignore" />

          <property name="sun.java.launcher" value="SUN_STANDARD" />

          <property name="user.country" value="CN" />

          <property name="sun.boot.library.path" value="C:\Program Files\Java\jdk-17\bin" />

          <property name="problem.set" value="ps2" />

          <property name="sun.java.command" value="org.apache.tools.ant.taskdefs.optional.junit.JUnitTestRunner twitter.staff.GradingSocialNetworkTest skipNonTests=false filtertrace=true haltOnError=false haltOnFailure=false showoutput=false outputtoformatters=true logfailedtests=true threadid=0 logtestlistenerevents=false formatter=org.apache.tools.ant.taskdefs.optional.junit.XMLJUnitResultFormatter,C:\Users\winph\eclipse-workspace\6.005\ps2-tweets\.grader\TEST-twitter.staff.GradingSocialNetworkTest.xml crashfile=C:\Users\winph\eclipse-workspace\6.005\ps2-tweets\.grader\junitvmwatcher5591044356746481960.properties propsfile=C:\Users\winph\eclipse-workspace\6.005\ps2-tweets\.grader\junit17330462376691510717.properties" />

          <property name="zipfile" value="my-submission.zip" />

          <property name="jdk.debug" value="release" />

          <property name="sun.cpu.endian" value="little" />

          <property name="beta.grader.jar" value="ps2-beta-grader.jar" />

          <property name="user.home" value="C:\Users\winph" />

          <property name="user.language" value="zh" />

          <property name="grader.report.file" value="my-grader-report.xml" />

          <property name="java.specification.vendor" value="Oracle Corporation" />

          <property name="java.version.date" value="2023-01-17" />

          <property name="java.home" value="C:\Program Files\Java\jdk-17" />

          <property name="basedir" value="C:\Users\winph\eclipse-workspace\6.005\ps2-tweets" />

          <property name="file.separator" value="\" />

          <property name="java.vm.compressedOopsMode" value="Zero based" />

          <property name="line.separator" value="&#xd;&#xa;" />

          <property name="ant.java.version" value="17" />

          <property name="java.vm.specification.vendor" value="Oracle Corporation" />

          <property name="java.specification.name" value="Java Platform API Specification" />

          <property name="final.grader.jar" value="ps2-final-grader.jar" />

          <property name="user.script" value="" />

          <property name="sun.management.compiler" value="HotSpot 64-Bit Tiered Compilers" />

          <property name="java.runtime.version" value="17.0.6+9-LTS-190" />

          <property name="java.security.manager" value="allow" />

          <property name="user.name" value="winph" />

          <property name="ant.file" value="C:\Users\winph\eclipse-workspace\6.005\ps2-tweets\grader.xml" />

          <property name="path.separator" value=";" />

          <property name="os.version" value="10.0" />

          <property name="ant.build.javac.target" value="1.8" />

          <property name="java.runtime.name" value="Java(TM) SE Runtime Environment" />

          <property name="file.encoding" value="GBK" />

          <property name="ant.project.invoked-targets" value="all" />

          <property name="java.vm.name" value="Java HotSpot(TM) 64-Bit Server VM" />

          <property name="didit.desc" value="Running our tests against your implementation" />

          <property name="ant.core.lib" value="C:\Users\winph\.p2\pool\plugins\org.apache.ant_1.10.12.v20211102-1452\lib\ant.jar" />

          <property name="java.vendor.url.bug" value="https://bugreport.java.com/bugreport/" />

          <property name="java.io.tmpdir" value="C:\Users\winph\AppData\Local\Temp\" />

          <property name="java.version" value="17.0.6" />

          <property name="user.dir" value="C:\Users\winph\eclipse-workspace\6.005\ps2-tweets" />

          <property name="grader.dir" value=".grader" />

          <property name="os.arch" value="amd64" />

          <property name="java.vm.specification.name" value="Java Virtual Machine Specification" />

          <property name="ant.home" value="C:\Users\winph\.p2\pool\plugins\org.apache.ant_1.10.12.v20211102-1452" />

          <property name="sun.os.patch.level" value="" />

          <property name="native.encoding" value="GBK" />

          <property name="ant.version" value="Apache Ant(TM) version 1.10.12 compiled on October 13 2021" />

          <property name="final.grading" value="true" />

          <property name="java.library.path" value="C:\Program Files\Java\jdk-17\bin;C:\WINDOWS\Sun\Java\bin;C:\WINDOWS\system32;C:\WINDOWS;C:\Program Files\Common Files\Oracle\Java\javapath;C:\WINDOWS\system32;C:\WINDOWS;C:\WINDOWS\System32\Wbem;C:\WINDOWS\System32\WindowsPowerShell\v1.0\;C:\WINDOWS\System32\OpenSSH\;C:\Program Files\MATLAB\R2019b\bin;C:\Program Files\Java\jdk-14.0.1\bin;C:\Program Files\Git\cmd;C:\Program Files\PuTTY\;C:\Program Files\nodejs\;C:\Qt\5.15.2\mingw81_64\bin;;C:\Program Files\Docker\Docker\resources\bin;C:\ProgramData\DockerDesktop\version-bin;C:\Users\winph\AppData\Local\Programs\Python\Python37\Scripts\;C:\Users\winph\AppData\Local\Programs\Python\Python37\;C:\Program Files\MySQL\MySQL Shell 8.0\bin\;C:\Users\winph\AppData\Local\Programs\Microsoft VS Code\bin;C:\mingw64\bin;C:\Program Files\Git;C:\Program Files\Git\bin;C:\Users\winph\AppData\Local\Microsoft\WindowsApps;C:\Program Files\JetBrains\IntelliJ IDEA Community Edition 2020.2.2\bin;;C:\Users\winph\AppData\Roaming\npm;C:\Users\winph\Downloads\mongodb-shell-windows-x86_64-4.4.3\mongodb-win32-x86_64-windows-4.4.3\bin;;C:\Program Files\JetBrains\IntelliJ IDEA 2020.3.2\bin;;C:\Users\winph\AppData\Local\Coursier\data\bin;C:\Users\winph\AppData\Local\JetBrains\IntelliJ IDEA 2022.3.2\bin;;." />

          <property name="java.vendor" value="Oracle Corporation" />

          <property name="java.vm.info" value="mixed mode, sharing" />

          <property name="java.vm.version" value="17.0.6+9-LTS-190" />

          <property name="sun.io.unicode.encoding" value="UnicodeLittle" />

          <property name="java.class.version" value="61.0" />

          <property name="ant.project.default-target" value="all" />

      </properties>

      <testcase classname="twitter.staff.GradingSocialNetworkTest" name="testInfluencersGraphOneUserNoFollowing" time="0.007" />

      <testcase classname="twitter.staff.GradingSocialNetworkTest" name="testInfluencersTwoUsersOneFollowing" time="0.012">
          <error message="Cannot invoke &quot;java.lang.Integer.intValue()&quot; because the return value of &quot;java.util.Map.get(Object)&quot; is null" type="java.lang.NullPointerException">java.lang.NullPointerException: Cannot invoke &quot;java.lang.Integer.intValue()&quot; because the return value of &quot;java.util.Map.get(Object)&quot; is null
	at twitter.SocialNetwork.influencers(SocialNetwork.java:88)
	at twitter.staff.GradingSocialNetworkTest.testInfluencersTwoUsersOneFollowing(GradingSocialNetworkTest.java:218)
	at java.base/jdk.internal.reflect.NativeMethodAccessorImpl.invoke0(Native Method)
	at java.base/jdk.internal.reflect.NativeMethodAccessorImpl.invoke(NativeMethodAccessorImpl.java:77)
	at java.base/jdk.internal.reflect.DelegatingMethodAccessorImpl.invoke(DelegatingMethodAccessorImpl.java:43)
</error>

      </testcase>

      <testcase classname="twitter.staff.GradingSocialNetworkTest" name="testGuessFollowsGraphUserMentionsSelf" time="0.002" />

      <testcase classname="twitter.staff.GradingSocialNetworkTest" name="testInfluencersMultipleUsersSomeSameFollowerCounts" time="0.0" />

      <testcase classname="twitter.staff.GradingSocialNetworkTest" name="testGuessFollowsGraphEmptyList" time="0.001" />

      <testcase classname="twitter.staff.GradingSocialNetworkTest" name="testInfluencersMultipleUsersAllSameFollowerCounts" time="0.0" />

      <testcase classname="twitter.staff.GradingSocialNetworkTest" name="testInfluencersEmptyGraph" time="0.0" />

      <testcase classname="twitter.staff.GradingSocialNetworkTest" name="testInfluencersMultipleUsersAllDifferentFollowerCounts" time="0.001">
          <error message="Cannot invoke &quot;java.lang.Integer.intValue()&quot; because the return value of &quot;java.util.Map.get(Object)&quot; is null" type="java.lang.NullPointerException">java.lang.NullPointerException: Cannot invoke &quot;java.lang.Integer.intValue()&quot; because the return value of &quot;java.util.Map.get(Object)&quot; is null
	at twitter.SocialNetwork.influencers(SocialNetwork.java:88)
	at twitter.staff.GradingSocialNetworkTest.testInfluencersMultipleUsersAllDifferentFollowerCounts(GradingSocialNetworkTest.java:253)
	at java.base/jdk.internal.reflect.NativeMethodAccessorImpl.invoke0(Native Method)
	at java.base/jdk.internal.reflect.NativeMethodAccessorImpl.invoke(NativeMethodAccessorImpl.java:77)
	at java.base/jdk.internal.reflect.DelegatingMethodAccessorImpl.invoke(DelegatingMethodAccessorImpl.java:43)
</error>

      </testcase>

      <testcase classname="twitter.staff.GradingSocialNetworkTest" name="testGuessFollowsGraphSingleTweetAtMention" time="0.001">
          <failure message="expected non-empty map" type="junit.framework.AssertionFailedError">junit.framework.AssertionFailedError: expected non-empty map
	at twitter.staff.GradingSocialNetworkTest.testGuessFollowsGraphSingleTweetAtMention(GradingSocialNetworkTest.java:92)
	at java.base/jdk.internal.reflect.NativeMethodAccessorImpl.invoke0(Native Method)
	at java.base/jdk.internal.reflect.NativeMethodAccessorImpl.invoke(NativeMethodAccessorImpl.java:77)
	at java.base/jdk.internal.reflect.DelegatingMethodAccessorImpl.invoke(DelegatingMethodAccessorImpl.java:43)
</failure>

      </testcase>

      <testcase classname="twitter.staff.GradingSocialNetworkTest" name="testGuessFollowsGraphMustHaveNoNonexistentUsers" time="0.003" />

      <testcase classname="twitter.staff.GradingSocialNetworkTest" name="testGuessFollowsGraphMustBeCaseInsensitive" time="0.001">
          <failure message="expected non-empty map" type="junit.framework.AssertionFailedError">junit.framework.AssertionFailedError: expected non-empty map
	at twitter.staff.GradingSocialNetworkTest.testGuessFollowsGraphMustBeCaseInsensitive(GradingSocialNetworkTest.java:112)
	at java.base/jdk.internal.reflect.NativeMethodAccessorImpl.invoke0(Native Method)
	at java.base/jdk.internal.reflect.NativeMethodAccessorImpl.invoke(NativeMethodAccessorImpl.java:77)
	at java.base/jdk.internal.reflect.DelegatingMethodAccessorImpl.invoke(DelegatingMethodAccessorImpl.java:43)
</failure>

      </testcase>

      <testcase classname="twitter.staff.GradingSocialNetworkTest" name="testGuessFollowsGraphNoConnections" time="0.0" />

      <testcase classname="twitter.staff.GradingSocialNetworkTest" name="testGuessFollowsGraphHasConnections" time="0.003" />

      <testcase classname="twitter.staff.GradingSocialNetworkTest" name="testInfluencersMustBeCaseInsensitive" time="0.001">
          <error message="Cannot invoke &quot;java.lang.Integer.intValue()&quot; because the return value of &quot;java.util.Map.get(Object)&quot; is null" type="java.lang.NullPointerException">java.lang.NullPointerException: Cannot invoke &quot;java.lang.Integer.intValue()&quot; because the return value of &quot;java.util.Map.get(Object)&quot; is null
	at twitter.SocialNetwork.influencers(SocialNetwork.java:88)
	at twitter.staff.GradingSocialNetworkTest.testInfluencersMustBeCaseInsensitive(GradingSocialNetworkTest.java:235)
	at java.base/jdk.internal.reflect.NativeMethodAccessorImpl.invoke0(Native Method)
	at java.base/jdk.internal.reflect.NativeMethodAccessorImpl.invoke(NativeMethodAccessorImpl.java:77)
	at java.base/jdk.internal.reflect.DelegatingMethodAccessorImpl.invoke(DelegatingMethodAccessorImpl.java:43)
</error>

      </testcase>

      <system-out><![CDATA[]]></system-out>

      <system-err><![CDATA[]]></system-err>

  </testsuite>
  <testsuite errors="0" failures="0" hostname="DESKTOP-AQ97O65" id="8" name="OriginalExtractTest" package="twitter.staff" skipped="0" tests="3" time="0.131" timestamp="2023-02-26T04:22:57">
      <properties>
          <property name="ant.library.dir" value="C:\Users\winph\.p2\pool\plugins\org.apache.ant_1.10.12.v20211102-1452\lib" />

          <property name="java.specification.version" value="17" />

          <property name="sun.cpu.isalist" value="amd64" />

          <property name="sun.jnu.encoding" value="GBK" />

          <property name="which.tests.ran" value="BETA + FINAL" />

          <property name="java.class.path" value="C:\Users\winph\eclipse-workspace\6.005\ps2-tweets\lib\junit-4.12.jar;C:\Users\winph\eclipse-workspace\6.005\ps2-tweets\lib\hamcrest-core-1.3.jar;C:\Users\winph\eclipse-workspace\6.005\ps2-tweets\.grader\bin-tests-beta;C:\Users\winph\eclipse-workspace\6.005\ps2-tweets\.grader\bin-impls-student;C:\Users\winph\.p2\pool\plugins\org.apache.ant_1.10.12.v20211102-1452\lib\ant-launcher.jar;C:\Users\winph\.p2\pool\plugins\org.apache.ant_1.10.12.v20211102-1452\lib\ant.jar;C:\Users\winph\.p2\pool\plugins\org.apache.ant_1.10.12.v20211102-1452\lib\ant-junit.jar;C:\Users\winph\.p2\pool\plugins\org.apache.ant_1.10.12.v20211102-1452\lib\ant-junit4.jar" />

          <property name="project.name" value="ps2-tweets" />

          <property name="java.vm.vendor" value="Oracle Corporation" />

          <property name="sun.arch.data.model" value="64" />

          <property name="user.variant" value="" />

          <property name="java.vendor.url" value="https://java.oracle.com/" />

          <property name="os.name" value="Windows 10" />

          <property name="java.vm.specification.version" value="17" />

          <property name="build.sysclasspath" value="ignore" />

          <property name="sun.java.launcher" value="SUN_STANDARD" />

          <property name="user.country" value="CN" />

          <property name="sun.boot.library.path" value="C:\Program Files\Java\jdk-17\bin" />

          <property name="problem.set" value="ps2" />

          <property name="sun.java.command" value="org.apache.tools.ant.taskdefs.optional.junit.JUnitTestRunner twitter.staff.OriginalExtractTest skipNonTests=false filtertrace=true haltOnError=false haltOnFailure=false showoutput=false outputtoformatters=true logfailedtests=true threadid=0 logtestlistenerevents=false formatter=org.apache.tools.ant.taskdefs.optional.junit.XMLJUnitResultFormatter,C:\Users\winph\eclipse-workspace\6.005\ps2-tweets\.grader\TEST-twitter.staff.OriginalExtractTest.xml crashfile=C:\Users\winph\eclipse-workspace\6.005\ps2-tweets\.grader\junitvmwatcher1862999548695237232.properties propsfile=C:\Users\winph\eclipse-workspace\6.005\ps2-tweets\.grader\junit778932910755274707.properties" />

          <property name="zipfile" value="my-submission.zip" />

          <property name="jdk.debug" value="release" />

          <property name="sun.cpu.endian" value="little" />

          <property name="beta.grader.jar" value="ps2-beta-grader.jar" />

          <property name="user.home" value="C:\Users\winph" />

          <property name="user.language" value="zh" />

          <property name="grader.report.file" value="my-grader-report.xml" />

          <property name="java.specification.vendor" value="Oracle Corporation" />

          <property name="java.version.date" value="2023-01-17" />

          <property name="java.home" value="C:\Program Files\Java\jdk-17" />

          <property name="basedir" value="C:\Users\winph\eclipse-workspace\6.005\ps2-tweets" />

          <property name="file.separator" value="\" />

          <property name="java.vm.compressedOopsMode" value="Zero based" />

          <property name="line.separator" value="&#xd;&#xa;" />

          <property name="ant.java.version" value="17" />

          <property name="java.vm.specification.vendor" value="Oracle Corporation" />

          <property name="java.specification.name" value="Java Platform API Specification" />

          <property name="final.grader.jar" value="ps2-final-grader.jar" />

          <property name="user.script" value="" />

          <property name="sun.management.compiler" value="HotSpot 64-Bit Tiered Compilers" />

          <property name="java.runtime.version" value="17.0.6+9-LTS-190" />

          <property name="java.security.manager" value="allow" />

          <property name="user.name" value="winph" />

          <property name="ant.file" value="C:\Users\winph\eclipse-workspace\6.005\ps2-tweets\grader.xml" />

          <property name="path.separator" value=";" />

          <property name="os.version" value="10.0" />

          <property name="ant.build.javac.target" value="1.8" />

          <property name="java.runtime.name" value="Java(TM) SE Runtime Environment" />

          <property name="file.encoding" value="GBK" />

          <property name="ant.project.invoked-targets" value="all" />

          <property name="java.vm.name" value="Java HotSpot(TM) 64-Bit Server VM" />

          <property name="didit.desc" value="Running the tests we gave you with the problem set on your implementation." />

          <property name="ant.core.lib" value="C:\Users\winph\.p2\pool\plugins\org.apache.ant_1.10.12.v20211102-1452\lib\ant.jar" />

          <property name="java.vendor.url.bug" value="https://bugreport.java.com/bugreport/" />

          <property name="java.io.tmpdir" value="C:\Users\winph\AppData\Local\Temp\" />

          <property name="java.version" value="17.0.6" />

          <property name="user.dir" value="C:\Users\winph\eclipse-workspace\6.005\ps2-tweets" />

          <property name="grader.dir" value=".grader" />

          <property name="os.arch" value="amd64" />

          <property name="java.vm.specification.name" value="Java Virtual Machine Specification" />

          <property name="ant.home" value="C:\Users\winph\.p2\pool\plugins\org.apache.ant_1.10.12.v20211102-1452" />

          <property name="sun.os.patch.level" value="" />

          <property name="native.encoding" value="GBK" />

          <property name="ant.version" value="Apache Ant(TM) version 1.10.12 compiled on October 13 2021" />

          <property name="final.grading" value="true" />

          <property name="java.library.path" value="C:\Program Files\Java\jdk-17\bin;C:\WINDOWS\Sun\Java\bin;C:\WINDOWS\system32;C:\WINDOWS;C:\Program Files\Common Files\Oracle\Java\javapath;C:\WINDOWS\system32;C:\WINDOWS;C:\WINDOWS\System32\Wbem;C:\WINDOWS\System32\WindowsPowerShell\v1.0\;C:\WINDOWS\System32\OpenSSH\;C:\Program Files\MATLAB\R2019b\bin;C:\Program Files\Java\jdk-14.0.1\bin;C:\Program Files\Git\cmd;C:\Program Files\PuTTY\;C:\Program Files\nodejs\;C:\Qt\5.15.2\mingw81_64\bin;;C:\Program Files\Docker\Docker\resources\bin;C:\ProgramData\DockerDesktop\version-bin;C:\Users\winph\AppData\Local\Programs\Python\Python37\Scripts\;C:\Users\winph\AppData\Local\Programs\Python\Python37\;C:\Program Files\MySQL\MySQL Shell 8.0\bin\;C:\Users\winph\AppData\Local\Programs\Microsoft VS Code\bin;C:\mingw64\bin;C:\Program Files\Git;C:\Program Files\Git\bin;C:\Users\winph\AppData\Local\Microsoft\WindowsApps;C:\Program Files\JetBrains\IntelliJ IDEA Community Edition 2020.2.2\bin;;C:\Users\winph\AppData\Roaming\npm;C:\Users\winph\Downloads\mongodb-shell-windows-x86_64-4.4.3\mongodb-win32-x86_64-windows-4.4.3\bin;;C:\Program Files\JetBrains\IntelliJ IDEA 2020.3.2\bin;;C:\Users\winph\AppData\Local\Coursier\data\bin;C:\Users\winph\AppData\Local\JetBrains\IntelliJ IDEA 2022.3.2\bin;;." />

          <property name="java.vendor" value="Oracle Corporation" />

          <property name="java.vm.info" value="mixed mode, sharing" />

          <property name="java.vm.version" value="17.0.6+9-LTS-190" />

          <property name="sun.io.unicode.encoding" value="UnicodeLittle" />

          <property name="java.class.version" value="61.0" />

          <property name="ant.project.default-target" value="all" />

      </properties>

      <testcase classname="twitter.staff.OriginalExtractTest" name="testGetMentionedUsersNoMention" time="0.003" />

      <testcase classname="twitter.staff.OriginalExtractTest" name="testGetTimespanTwoTweets" time="0.001" />

      <testcase classname="twitter.staff.OriginalExtractTest" name="testAssertionsEnabled" time="0.001" />

      <system-out><![CDATA[]]></system-out>

      <system-err><![CDATA[]]></system-err>

  </testsuite>
  <testsuite errors="0" failures="0" hostname="DESKTOP-AQ97O65" id="9" name="OriginalFilterTest" package="twitter.staff" skipped="0" tests="4" time="0.14" timestamp="2023-02-26T04:22:58">
      <properties>
          <property name="ant.library.dir" value="C:\Users\winph\.p2\pool\plugins\org.apache.ant_1.10.12.v20211102-1452\lib" />

          <property name="java.specification.version" value="17" />

          <property name="sun.cpu.isalist" value="amd64" />

          <property name="sun.jnu.encoding" value="GBK" />

          <property name="which.tests.ran" value="BETA + FINAL" />

          <property name="java.class.path" value="C:\Users\winph\eclipse-workspace\6.005\ps2-tweets\lib\junit-4.12.jar;C:\Users\winph\eclipse-workspace\6.005\ps2-tweets\lib\hamcrest-core-1.3.jar;C:\Users\winph\eclipse-workspace\6.005\ps2-tweets\.grader\bin-tests-beta;C:\Users\winph\eclipse-workspace\6.005\ps2-tweets\.grader\bin-impls-student;C:\Users\winph\.p2\pool\plugins\org.apache.ant_1.10.12.v20211102-1452\lib\ant-launcher.jar;C:\Users\winph\.p2\pool\plugins\org.apache.ant_1.10.12.v20211102-1452\lib\ant.jar;C:\Users\winph\.p2\pool\plugins\org.apache.ant_1.10.12.v20211102-1452\lib\ant-junit.jar;C:\Users\winph\.p2\pool\plugins\org.apache.ant_1.10.12.v20211102-1452\lib\ant-junit4.jar" />

          <property name="project.name" value="ps2-tweets" />

          <property name="java.vm.vendor" value="Oracle Corporation" />

          <property name="sun.arch.data.model" value="64" />

          <property name="user.variant" value="" />

          <property name="java.vendor.url" value="https://java.oracle.com/" />

          <property name="os.name" value="Windows 10" />

          <property name="java.vm.specification.version" value="17" />

          <property name="build.sysclasspath" value="ignore" />

          <property name="sun.java.launcher" value="SUN_STANDARD" />

          <property name="user.country" value="CN" />

          <property name="sun.boot.library.path" value="C:\Program Files\Java\jdk-17\bin" />

          <property name="problem.set" value="ps2" />

          <property name="sun.java.command" value="org.apache.tools.ant.taskdefs.optional.junit.JUnitTestRunner twitter.staff.OriginalFilterTest skipNonTests=false filtertrace=true haltOnError=false haltOnFailure=false showoutput=false outputtoformatters=true logfailedtests=true threadid=0 logtestlistenerevents=false formatter=org.apache.tools.ant.taskdefs.optional.junit.XMLJUnitResultFormatter,C:\Users\winph\eclipse-workspace\6.005\ps2-tweets\.grader\TEST-twitter.staff.OriginalFilterTest.xml crashfile=C:\Users\winph\eclipse-workspace\6.005\ps2-tweets\.grader\junitvmwatcher14496131048294956469.properties propsfile=C:\Users\winph\eclipse-workspace\6.005\ps2-tweets\.grader\junit8906602171104323805.properties" />

          <property name="zipfile" value="my-submission.zip" />

          <property name="jdk.debug" value="release" />

          <property name="sun.cpu.endian" value="little" />

          <property name="beta.grader.jar" value="ps2-beta-grader.jar" />

          <property name="user.home" value="C:\Users\winph" />

          <property name="user.language" value="zh" />

          <property name="grader.report.file" value="my-grader-report.xml" />

          <property name="java.specification.vendor" value="Oracle Corporation" />

          <property name="java.version.date" value="2023-01-17" />

          <property name="java.home" value="C:\Program Files\Java\jdk-17" />

          <property name="basedir" value="C:\Users\winph\eclipse-workspace\6.005\ps2-tweets" />

          <property name="file.separator" value="\" />

          <property name="java.vm.compressedOopsMode" value="Zero based" />

          <property name="line.separator" value="&#xd;&#xa;" />

          <property name="ant.java.version" value="17" />

          <property name="java.vm.specification.vendor" value="Oracle Corporation" />

          <property name="java.specification.name" value="Java Platform API Specification" />

          <property name="final.grader.jar" value="ps2-final-grader.jar" />

          <property name="user.script" value="" />

          <property name="sun.management.compiler" value="HotSpot 64-Bit Tiered Compilers" />

          <property name="java.runtime.version" value="17.0.6+9-LTS-190" />

          <property name="java.security.manager" value="allow" />

          <property name="user.name" value="winph" />

          <property name="ant.file" value="C:\Users\winph\eclipse-workspace\6.005\ps2-tweets\grader.xml" />

          <property name="path.separator" value=";" />

          <property name="os.version" value="10.0" />

          <property name="ant.build.javac.target" value="1.8" />

          <property name="java.runtime.name" value="Java(TM) SE Runtime Environment" />

          <property name="file.encoding" value="GBK" />

          <property name="ant.project.invoked-targets" value="all" />

          <property name="java.vm.name" value="Java HotSpot(TM) 64-Bit Server VM" />

          <property name="didit.desc" value="Running the tests we gave you with the problem set on your implementation." />

          <property name="ant.core.lib" value="C:\Users\winph\.p2\pool\plugins\org.apache.ant_1.10.12.v20211102-1452\lib\ant.jar" />

          <property name="java.vendor.url.bug" value="https://bugreport.java.com/bugreport/" />

          <property name="java.io.tmpdir" value="C:\Users\winph\AppData\Local\Temp\" />

          <property name="java.version" value="17.0.6" />

          <property name="user.dir" value="C:\Users\winph\eclipse-workspace\6.005\ps2-tweets" />

          <property name="grader.dir" value=".grader" />

          <property name="os.arch" value="amd64" />

          <property name="java.vm.specification.name" value="Java Virtual Machine Specification" />

          <property name="ant.home" value="C:\Users\winph\.p2\pool\plugins\org.apache.ant_1.10.12.v20211102-1452" />

          <property name="sun.os.patch.level" value="" />

          <property name="native.encoding" value="GBK" />

          <property name="ant.version" value="Apache Ant(TM) version 1.10.12 compiled on October 13 2021" />

          <property name="final.grading" value="true" />

          <property name="java.library.path" value="C:\Program Files\Java\jdk-17\bin;C:\WINDOWS\Sun\Java\bin;C:\WINDOWS\system32;C:\WINDOWS;C:\Program Files\Common Files\Oracle\Java\javapath;C:\WINDOWS\system32;C:\WINDOWS;C:\WINDOWS\System32\Wbem;C:\WINDOWS\System32\WindowsPowerShell\v1.0\;C:\WINDOWS\System32\OpenSSH\;C:\Program Files\MATLAB\R2019b\bin;C:\Program Files\Java\jdk-14.0.1\bin;C:\Program Files\Git\cmd;C:\Program Files\PuTTY\;C:\Program Files\nodejs\;C:\Qt\5.15.2\mingw81_64\bin;;C:\Program Files\Docker\Docker\resources\bin;C:\ProgramData\DockerDesktop\version-bin;C:\Users\winph\AppData\Local\Programs\Python\Python37\Scripts\;C:\Users\winph\AppData\Local\Programs\Python\Python37\;C:\Program Files\MySQL\MySQL Shell 8.0\bin\;C:\Users\winph\AppData\Local\Programs\Microsoft VS Code\bin;C:\mingw64\bin;C:\Program Files\Git;C:\Program Files\Git\bin;C:\Users\winph\AppData\Local\Microsoft\WindowsApps;C:\Program Files\JetBrains\IntelliJ IDEA Community Edition 2020.2.2\bin;;C:\Users\winph\AppData\Roaming\npm;C:\Users\winph\Downloads\mongodb-shell-windows-x86_64-4.4.3\mongodb-win32-x86_64-windows-4.4.3\bin;;C:\Program Files\JetBrains\IntelliJ IDEA 2020.3.2\bin;;C:\Users\winph\AppData\Local\Coursier\data\bin;C:\Users\winph\AppData\Local\JetBrains\IntelliJ IDEA 2022.3.2\bin;;." />

          <property name="java.vendor" value="Oracle Corporation" />

          <property name="java.vm.info" value="mixed mode, sharing" />

          <property name="java.vm.version" value="17.0.6+9-LTS-190" />

          <property name="sun.io.unicode.encoding" value="UnicodeLittle" />

          <property name="java.class.version" value="61.0" />

          <property name="ant.project.default-target" value="all" />

      </properties>

      <testcase classname="twitter.staff.OriginalFilterTest" name="testContaining" time="0.003" />

      <testcase classname="twitter.staff.OriginalFilterTest" name="testAssertionsEnabled" time="0.001" />

      <testcase classname="twitter.staff.OriginalFilterTest" name="testWrittenByMultipleTweetsSingleResult" time="0.0" />

      <testcase classname="twitter.staff.OriginalFilterTest" name="testInTimespanMultipleTweetsMultipleResults" time="0.002" />

      <system-out><![CDATA[]]></system-out>

      <system-err><![CDATA[]]></system-err>

  </testsuite>
  <testsuite errors="0" failures="0" hostname="DESKTOP-AQ97O65" id="10" name="OriginalSocialNetworkTest" package="twitter.staff" skipped="0" tests="3" time="0.108" timestamp="2023-02-26T04:22:59">
      <properties>
          <property name="ant.library.dir" value="C:\Users\winph\.p2\pool\plugins\org.apache.ant_1.10.12.v20211102-1452\lib" />

          <property name="java.specification.version" value="17" />

          <property name="sun.cpu.isalist" value="amd64" />

          <property name="sun.jnu.encoding" value="GBK" />

          <property name="which.tests.ran" value="BETA + FINAL" />

          <property name="java.class.path" value="C:\Users\winph\eclipse-workspace\6.005\ps2-tweets\lib\junit-4.12.jar;C:\Users\winph\eclipse-workspace\6.005\ps2-tweets\lib\hamcrest-core-1.3.jar;C:\Users\winph\eclipse-workspace\6.005\ps2-tweets\.grader\bin-tests-beta;C:\Users\winph\eclipse-workspace\6.005\ps2-tweets\.grader\bin-impls-student;C:\Users\winph\.p2\pool\plugins\org.apache.ant_1.10.12.v20211102-1452\lib\ant-launcher.jar;C:\Users\winph\.p2\pool\plugins\org.apache.ant_1.10.12.v20211102-1452\lib\ant.jar;C:\Users\winph\.p2\pool\plugins\org.apache.ant_1.10.12.v20211102-1452\lib\ant-junit.jar;C:\Users\winph\.p2\pool\plugins\org.apache.ant_1.10.12.v20211102-1452\lib\ant-junit4.jar" />

          <property name="project.name" value="ps2-tweets" />

          <property name="java.vm.vendor" value="Oracle Corporation" />

          <property name="sun.arch.data.model" value="64" />

          <property name="user.variant" value="" />

          <property name="java.vendor.url" value="https://java.oracle.com/" />

          <property name="os.name" value="Windows 10" />

          <property name="java.vm.specification.version" value="17" />

          <property name="build.sysclasspath" value="ignore" />

          <property name="sun.java.launcher" value="SUN_STANDARD" />

          <property name="user.country" value="CN" />

          <property name="sun.boot.library.path" value="C:\Program Files\Java\jdk-17\bin" />

          <property name="problem.set" value="ps2" />

          <property name="sun.java.command" value="org.apache.tools.ant.taskdefs.optional.junit.JUnitTestRunner twitter.staff.OriginalSocialNetworkTest skipNonTests=false filtertrace=true haltOnError=false haltOnFailure=false showoutput=false outputtoformatters=true logfailedtests=true threadid=0 logtestlistenerevents=false formatter=org.apache.tools.ant.taskdefs.optional.junit.XMLJUnitResultFormatter,C:\Users\winph\eclipse-workspace\6.005\ps2-tweets\.grader\TEST-twitter.staff.OriginalSocialNetworkTest.xml crashfile=C:\Users\winph\eclipse-workspace\6.005\ps2-tweets\.grader\junitvmwatcher11059844868787539470.properties propsfile=C:\Users\winph\eclipse-workspace\6.005\ps2-tweets\.grader\junit13948066048615849647.properties" />

          <property name="zipfile" value="my-submission.zip" />

          <property name="jdk.debug" value="release" />

          <property name="sun.cpu.endian" value="little" />

          <property name="beta.grader.jar" value="ps2-beta-grader.jar" />

          <property name="user.home" value="C:\Users\winph" />

          <property name="user.language" value="zh" />

          <property name="grader.report.file" value="my-grader-report.xml" />

          <property name="java.specification.vendor" value="Oracle Corporation" />

          <property name="java.version.date" value="2023-01-17" />

          <property name="java.home" value="C:\Program Files\Java\jdk-17" />

          <property name="basedir" value="C:\Users\winph\eclipse-workspace\6.005\ps2-tweets" />

          <property name="file.separator" value="\" />

          <property name="java.vm.compressedOopsMode" value="Zero based" />

          <property name="line.separator" value="&#xd;&#xa;" />

          <property name="ant.java.version" value="17" />

          <property name="java.vm.specification.vendor" value="Oracle Corporation" />

          <property name="java.specification.name" value="Java Platform API Specification" />

          <property name="final.grader.jar" value="ps2-final-grader.jar" />

          <property name="user.script" value="" />

          <property name="sun.management.compiler" value="HotSpot 64-Bit Tiered Compilers" />

          <property name="java.runtime.version" value="17.0.6+9-LTS-190" />

          <property name="java.security.manager" value="allow" />

          <property name="user.name" value="winph" />

          <property name="ant.file" value="C:\Users\winph\eclipse-workspace\6.005\ps2-tweets\grader.xml" />

          <property name="path.separator" value=";" />

          <property name="os.version" value="10.0" />

          <property name="ant.build.javac.target" value="1.8" />

          <property name="java.runtime.name" value="Java(TM) SE Runtime Environment" />

          <property name="file.encoding" value="GBK" />

          <property name="ant.project.invoked-targets" value="all" />

          <property name="java.vm.name" value="Java HotSpot(TM) 64-Bit Server VM" />

          <property name="didit.desc" value="Running the tests we gave you with the problem set on your implementation." />

          <property name="ant.core.lib" value="C:\Users\winph\.p2\pool\plugins\org.apache.ant_1.10.12.v20211102-1452\lib\ant.jar" />

          <property name="java.vendor.url.bug" value="https://bugreport.java.com/bugreport/" />

          <property name="java.io.tmpdir" value="C:\Users\winph\AppData\Local\Temp\" />

          <property name="java.version" value="17.0.6" />

          <property name="user.dir" value="C:\Users\winph\eclipse-workspace\6.005\ps2-tweets" />

          <property name="grader.dir" value=".grader" />

          <property name="os.arch" value="amd64" />

          <property name="java.vm.specification.name" value="Java Virtual Machine Specification" />

          <property name="ant.home" value="C:\Users\winph\.p2\pool\plugins\org.apache.ant_1.10.12.v20211102-1452" />

          <property name="sun.os.patch.level" value="" />

          <property name="native.encoding" value="GBK" />

          <property name="ant.version" value="Apache Ant(TM) version 1.10.12 compiled on October 13 2021" />

          <property name="final.grading" value="true" />

          <property name="java.library.path" value="C:\Program Files\Java\jdk-17\bin;C:\WINDOWS\Sun\Java\bin;C:\WINDOWS\system32;C:\WINDOWS;C:\Program Files\Common Files\Oracle\Java\javapath;C:\WINDOWS\system32;C:\WINDOWS;C:\WINDOWS\System32\Wbem;C:\WINDOWS\System32\WindowsPowerShell\v1.0\;C:\WINDOWS\System32\OpenSSH\;C:\Program Files\MATLAB\R2019b\bin;C:\Program Files\Java\jdk-14.0.1\bin;C:\Program Files\Git\cmd;C:\Program Files\PuTTY\;C:\Program Files\nodejs\;C:\Qt\5.15.2\mingw81_64\bin;;C:\Program Files\Docker\Docker\resources\bin;C:\ProgramData\DockerDesktop\version-bin;C:\Users\winph\AppData\Local\Programs\Python\Python37\Scripts\;C:\Users\winph\AppData\Local\Programs\Python\Python37\;C:\Program Files\MySQL\MySQL Shell 8.0\bin\;C:\Users\winph\AppData\Local\Programs\Microsoft VS Code\bin;C:\mingw64\bin;C:\Program Files\Git;C:\Program Files\Git\bin;C:\Users\winph\AppData\Local\Microsoft\WindowsApps;C:\Program Files\JetBrains\IntelliJ IDEA Community Edition 2020.2.2\bin;;C:\Users\winph\AppData\Roaming\npm;C:\Users\winph\Downloads\mongodb-shell-windows-x86_64-4.4.3\mongodb-win32-x86_64-windows-4.4.3\bin;;C:\Program Files\JetBrains\IntelliJ IDEA 2020.3.2\bin;;C:\Users\winph\AppData\Local\Coursier\data\bin;C:\Users\winph\AppData\Local\JetBrains\IntelliJ IDEA 2022.3.2\bin;;." />

          <property name="java.vendor" value="Oracle Corporation" />

          <property name="java.vm.info" value="mixed mode, sharing" />

          <property name="java.vm.version" value="17.0.6+9-LTS-190" />

          <property name="sun.io.unicode.encoding" value="UnicodeLittle" />

          <property name="java.class.version" value="61.0" />

          <property name="ant.project.default-target" value="all" />

      </properties>

      <testcase classname="twitter.staff.OriginalSocialNetworkTest" name="testGuessFollowsGraphEmpty" time="0.002" />

      <testcase classname="twitter.staff.OriginalSocialNetworkTest" name="testAssertionsEnabled" time="0.0" />

      <testcase classname="twitter.staff.OriginalSocialNetworkTest" name="testInfluencersEmpty" time="0.001" />

      <system-out><![CDATA[]]></system-out>

      <system-err><![CDATA[]]></system-err>

  </testsuite>
  <testsuite errors="0" failures="6" hostname="DESKTOP-AQ97O65" id="11" name="SocialNetworkTestRunner" package="twitter.staff" skipped="0" tests="14" time="0.208" timestamp="2023-02-26T04:23:11">
      <properties>
          <property name="ant.library.dir" value="C:\Users\winph\.p2\pool\plugins\org.apache.ant_1.10.12.v20211102-1452\lib" />

          <property name="java.specification.version" value="17" />

          <property name="sun.cpu.isalist" value="amd64" />

          <property name="sun.jnu.encoding" value="GBK" />

          <property name="which.tests.ran" value="BETA + FINAL" />

          <property name="java.class.path" value="C:\Users\winph\eclipse-workspace\6.005\ps2-tweets\lib\junit-4.12.jar;C:\Users\winph\eclipse-workspace\6.005\ps2-tweets\lib\hamcrest-core-1.3.jar;C:\Users\winph\eclipse-workspace\6.005\ps2-tweets\.grader\bin-impls-staff-final;C:\Users\winph\eclipse-workspace\6.005\ps2-tweets\.grader\bin-tests-student;C:\Users\winph\.p2\pool\plugins\org.apache.ant_1.10.12.v20211102-1452\lib\ant-launcher.jar;C:\Users\winph\.p2\pool\plugins\org.apache.ant_1.10.12.v20211102-1452\lib\ant.jar;C:\Users\winph\.p2\pool\plugins\org.apache.ant_1.10.12.v20211102-1452\lib\ant-junit.jar;C:\Users\winph\.p2\pool\plugins\org.apache.ant_1.10.12.v20211102-1452\lib\ant-junit4.jar" />

          <property name="project.name" value="ps2-tweets" />

          <property name="java.vm.vendor" value="Oracle Corporation" />

          <property name="sun.arch.data.model" value="64" />

          <property name="user.variant" value="" />

          <property name="java.vendor.url" value="https://java.oracle.com/" />

          <property name="os.name" value="Windows 10" />

          <property name="java.vm.specification.version" value="17" />

          <property name="build.sysclasspath" value="ignore" />

          <property name="sun.java.launcher" value="SUN_STANDARD" />

          <property name="user.country" value="CN" />

          <property name="sun.boot.library.path" value="C:\Program Files\Java\jdk-17\bin" />

          <property name="problem.set" value="ps2" />

          <property name="sun.java.command" value="org.apache.tools.ant.taskdefs.optional.junit.JUnitTestRunner twitter.staff.SocialNetworkTestRunner skipNonTests=false filtertrace=true haltOnError=false haltOnFailure=false showoutput=false outputtoformatters=true logfailedtests=true threadid=0 logtestlistenerevents=false formatter=org.apache.tools.ant.taskdefs.optional.junit.XMLJUnitResultFormatter,C:\Users\winph\eclipse-workspace\6.005\ps2-tweets\.grader\TEST-twitter.staff.SocialNetworkTestRunner.xml crashfile=C:\Users\winph\eclipse-workspace\6.005\ps2-tweets\.grader\junitvmwatcher16832054922253673868.properties propsfile=C:\Users\winph\eclipse-workspace\6.005\ps2-tweets\.grader\junit4708659660266908664.properties" />

          <property name="zipfile" value="my-submission.zip" />

          <property name="jdk.debug" value="release" />

          <property name="sun.cpu.endian" value="little" />

          <property name="beta.grader.jar" value="ps2-beta-grader.jar" />

          <property name="user.home" value="C:\Users\winph" />

          <property name="user.language" value="zh" />

          <property name="grader.report.file" value="my-grader-report.xml" />

          <property name="java.specification.vendor" value="Oracle Corporation" />

          <property name="java.version.date" value="2023-01-17" />

          <property name="java.home" value="C:\Program Files\Java\jdk-17" />

          <property name="basedir" value="C:\Users\winph\eclipse-workspace\6.005\ps2-tweets" />

          <property name="file.separator" value="\" />

          <property name="java.vm.compressedOopsMode" value="Zero based" />

          <property name="line.separator" value="&#xd;&#xa;" />

          <property name="ant.java.version" value="17" />

          <property name="java.vm.specification.vendor" value="Oracle Corporation" />

          <property name="java.specification.name" value="Java Platform API Specification" />

          <property name="final.grader.jar" value="ps2-final-grader.jar" />

          <property name="user.script" value="" />

          <property name="sun.management.compiler" value="HotSpot 64-Bit Tiered Compilers" />

          <property name="java.runtime.version" value="17.0.6+9-LTS-190" />

          <property name="java.security.manager" value="allow" />

          <property name="user.name" value="winph" />

          <property name="ant.file" value="C:\Users\winph\eclipse-workspace\6.005\ps2-tweets\grader.xml" />

          <property name="path.separator" value=";" />

          <property name="os.version" value="10.0" />

          <property name="ant.build.javac.target" value="1.8" />

          <property name="java.runtime.name" value="Java(TM) SE Runtime Environment" />

          <property name="file.encoding" value="GBK" />

          <property name="ant.project.invoked-targets" value="all" />

          <property name="java.vm.name" value="Java HotSpot(TM) 64-Bit Server VM" />

          <property name="didit.desc" value="Running your tests against our good and bad implementations" />

          <property name="ant.core.lib" value="C:\Users\winph\.p2\pool\plugins\org.apache.ant_1.10.12.v20211102-1452\lib\ant.jar" />

          <property name="java.vendor.url.bug" value="https://bugreport.java.com/bugreport/" />

          <property name="java.io.tmpdir" value="C:\Users\winph\AppData\Local\Temp\" />

          <property name="java.version" value="17.0.6" />

          <property name="user.dir" value="C:\Users\winph\eclipse-workspace\6.005\ps2-tweets" />

          <property name="grader.dir" value=".grader" />

          <property name="os.arch" value="amd64" />

          <property name="java.vm.specification.name" value="Java Virtual Machine Specification" />

          <property name="ant.home" value="C:\Users\winph\.p2\pool\plugins\org.apache.ant_1.10.12.v20211102-1452" />

          <property name="sun.os.patch.level" value="" />

          <property name="native.encoding" value="GBK" />

          <property name="ant.version" value="Apache Ant(TM) version 1.10.12 compiled on October 13 2021" />

          <property name="final.grading" value="true" />

          <property name="java.library.path" value="C:\Program Files\Java\jdk-17\bin;C:\WINDOWS\Sun\Java\bin;C:\WINDOWS\system32;C:\WINDOWS;C:\Program Files\Common Files\Oracle\Java\javapath;C:\WINDOWS\system32;C:\WINDOWS;C:\WINDOWS\System32\Wbem;C:\WINDOWS\System32\WindowsPowerShell\v1.0\;C:\WINDOWS\System32\OpenSSH\;C:\Program Files\MATLAB\R2019b\bin;C:\Program Files\Java\jdk-14.0.1\bin;C:\Program Files\Git\cmd;C:\Program Files\PuTTY\;C:\Program Files\nodejs\;C:\Qt\5.15.2\mingw81_64\bin;;C:\Program Files\Docker\Docker\resources\bin;C:\ProgramData\DockerDesktop\version-bin;C:\Users\winph\AppData\Local\Programs\Python\Python37\Scripts\;C:\Users\winph\AppData\Local\Programs\Python\Python37\;C:\Program Files\MySQL\MySQL Shell 8.0\bin\;C:\Users\winph\AppData\Local\Programs\Microsoft VS Code\bin;C:\mingw64\bin;C:\Program Files\Git;C:\Program Files\Git\bin;C:\Users\winph\AppData\Local\Microsoft\WindowsApps;C:\Program Files\JetBrains\IntelliJ IDEA Community Edition 2020.2.2\bin;;C:\Users\winph\AppData\Roaming\npm;C:\Users\winph\Downloads\mongodb-shell-windows-x86_64-4.4.3\mongodb-win32-x86_64-windows-4.4.3\bin;;C:\Program Files\JetBrains\IntelliJ IDEA 2020.3.2\bin;;C:\Users\winph\AppData\Local\Coursier\data\bin;C:\Users\winph\AppData\Local\JetBrains\IntelliJ IDEA 2022.3.2\bin;;." />

          <property name="java.vendor" value="Oracle Corporation" />

          <property name="java.vm.info" value="mixed mode, sharing" />

          <property name="java.vm.version" value="17.0.6+9-LTS-190" />

          <property name="sun.io.unicode.encoding" value="UnicodeLittle" />

          <property name="java.class.version" value="61.0" />

          <property name="ant.project.default-target" value="all" />

      </properties>

      <testcase classname="twitter.staff.SocialNetworkTestRunner" name="yourTests_staffGoodImpl_guessFollowsGraphAlternatingCase" time="0.039">
          <failure message="Some of your tests failed when run against our correct implementation: 10 tests ran with 5 failures in 13 ms.&#xa;java.lang.AssertionError: expected empty graph&#xd;&#xa;    ...&#xd;&#xa;    at twitter.SocialNetworkTest.testGuessFollowsGraphNoMention(SocialNetworkTest.java:59)&#xd;&#xa;    ...&#xd;&#xa;java.lang.AssertionError: expected graph size equals to 0&#xd;&#xa;    ...&#xd;&#xa;    at twitter.SocialNetworkTest.testGuessFollowsGraphInvalidMentionNotAuthor(SocialNetworkTest.java:83)&#xd;&#xa;    ...&#xd;&#xa;java.lang.AssertionError: expected graph size equals to 1&#xd;&#xa;    ...&#xd;&#xa;    at twitter.SocialNetworkTest.testGuessFollowsGraphCaseInsensetive(SocialNetworkTest.java:98)&#xd;&#xa;    ...&#xd;&#xa;java.lang.NullPointerException: Cannot invoke &quot;java.util.Set.size()&quot; because the return value of &quot;java.util.Map.get(Object)&quot; is null&#xd;&#xa;    at twitter.SocialNetworkTest.testGuessFollowsGraphOneMention(SocialNetworkTest.java:67)&#xd;&#xa;    ...&#xd;&#xa;java.lang.AssertionError: expected graph size equals to 0&#xd;&#xa;    ...&#xd;&#xa;    at twitter.SocialNetworkTest.testGuessFollowsGraphInvalidSelfMention(SocialNetworkTest.java:90)&#xd;&#xa;    ...&#xa;----" type="junit.framework.AssertionFailedError">junit.framework.AssertionFailedError: Some of your tests failed when run against our correct implementation: 10 tests ran with 5 failures in 13 ms.
java.lang.AssertionError: expected empty graph
    ...
    at twitter.SocialNetworkTest.testGuessFollowsGraphNoMention(SocialNetworkTest.java:59)
    ...
java.lang.AssertionError: expected graph size equals to 0
    ...
    at twitter.SocialNetworkTest.testGuessFollowsGraphInvalidMentionNotAuthor(SocialNetworkTest.java:83)
    ...
java.lang.AssertionError: expected graph size equals to 1
    ...
    at twitter.SocialNetworkTest.testGuessFollowsGraphCaseInsensetive(SocialNetworkTest.java:98)
    ...
java.lang.NullPointerException: Cannot invoke &quot;java.util.Set.size()&quot; because the return value of &quot;java.util.Map.get(Object)&quot; is null
    at twitter.SocialNetworkTest.testGuessFollowsGraphOneMention(SocialNetworkTest.java:67)
    ...
java.lang.AssertionError: expected graph size equals to 0
    ...
    at twitter.SocialNetworkTest.testGuessFollowsGraphInvalidSelfMention(SocialNetworkTest.java:90)
    ...
----
	at twitter.staff.TestHelpers.assertSuccess(TestHelpers.java:50)
	at twitter.staff.SocialNetworkTestRunner.yourTests_staffGoodImpl_guessFollowsGraphAlternatingCase(SocialNetworkTestRunner.java:39)
	at java.base/jdk.internal.reflect.NativeMethodAccessorImpl.invoke0(Native Method)
	at java.base/jdk.internal.reflect.NativeMethodAccessorImpl.invoke(NativeMethodAccessorImpl.java:77)
	at java.base/jdk.internal.reflect.DelegatingMethodAccessorImpl.invoke(DelegatingMethodAccessorImpl.java:43)
</failure>

      </testcase>

      <testcase classname="twitter.staff.SocialNetworkTestRunner" name="yourTests_staffGoodImpl_guessFollowsGraphReturnsEmptyNodes" time="0.006">
          <failure message="Some of your tests failed when run against our correct implementation: 10 tests ran with 4 failures in 3 ms.&#xa;java.lang.AssertionError: expected empty graph&#xd;&#xa;    ...&#xd;&#xa;    at twitter.SocialNetworkTest.testGuessFollowsGraphNoMention(SocialNetworkTest.java:59)&#xd;&#xa;    ...&#xd;&#xa;java.lang.AssertionError: expected graph size equals to 0&#xd;&#xa;    ...&#xd;&#xa;    at twitter.SocialNetworkTest.testGuessFollowsGraphInvalidMentionNotAuthor(SocialNetworkTest.java:83)&#xd;&#xa;    ...&#xd;&#xa;java.lang.AssertionError: expected graph size equals to 1&#xd;&#xa;    ...&#xd;&#xa;    at twitter.SocialNetworkTest.testGuessFollowsGraphCaseInsensetive(SocialNetworkTest.java:98)&#xd;&#xa;    ...&#xd;&#xa;java.lang.AssertionError: expected graph size equals to 0&#xd;&#xa;    ...&#xd;&#xa;    at twitter.SocialNetworkTest.testGuessFollowsGraphInvalidSelfMention(SocialNetworkTest.java:90)&#xd;&#xa;    ...&#xa;----" type="junit.framework.AssertionFailedError">junit.framework.AssertionFailedError: Some of your tests failed when run against our correct implementation: 10 tests ran with 4 failures in 3 ms.
java.lang.AssertionError: expected empty graph
    ...
    at twitter.SocialNetworkTest.testGuessFollowsGraphNoMention(SocialNetworkTest.java:59)
    ...
java.lang.AssertionError: expected graph size equals to 0
    ...
    at twitter.SocialNetworkTest.testGuessFollowsGraphInvalidMentionNotAuthor(SocialNetworkTest.java:83)
    ...
java.lang.AssertionError: expected graph size equals to 1
    ...
    at twitter.SocialNetworkTest.testGuessFollowsGraphCaseInsensetive(SocialNetworkTest.java:98)
    ...
java.lang.AssertionError: expected graph size equals to 0
    ...
    at twitter.SocialNetworkTest.testGuessFollowsGraphInvalidSelfMention(SocialNetworkTest.java:90)
    ...
----
	at twitter.staff.TestHelpers.assertSuccess(TestHelpers.java:50)
	at twitter.staff.SocialNetworkTestRunner.yourTests_staffGoodImpl_guessFollowsGraphReturnsEmptyNodes(SocialNetworkTestRunner.java:29)
	at java.base/jdk.internal.reflect.NativeMethodAccessorImpl.invoke0(Native Method)
	at java.base/jdk.internal.reflect.NativeMethodAccessorImpl.invoke(NativeMethodAccessorImpl.java:77)
	at java.base/jdk.internal.reflect.DelegatingMethodAccessorImpl.invoke(DelegatingMethodAccessorImpl.java:43)
</failure>

      </testcase>

      <testcase classname="twitter.staff.SocialNetworkTestRunner" name="yourTests_staffBadImpl_guessFollowsGraphCompleteGraphBug" time="0.001" />

      <testcase classname="twitter.staff.SocialNetworkTestRunner" name="yourTests_staffBadImpl_influencersMustBeCaseInsensitiveBug" time="0.004" />

      <testcase classname="twitter.staff.SocialNetworkTestRunner" name="yourTests_staffBadImpl_influencersReturnsFirstInRankOnlyBug" time="0.004" />

      <testcase classname="twitter.staff.SocialNetworkTestRunner" name="yourTests_staffGoodImpl_guessFollowsGraphReturnsNoEmptyNodes" time="0.006">
          <failure message="Some of your tests failed when run against our correct implementation: 10 tests ran with 1 failure in 3 ms.&#xa;java.lang.AssertionError: expected graph size equals to 0&#xd;&#xa;    ...&#xd;&#xa;    at twitter.SocialNetworkTest.testGuessFollowsGraphInvalidMentionNotAuthor(SocialNetworkTest.java:83)&#xd;&#xa;    ...&#xa;----" type="junit.framework.AssertionFailedError">junit.framework.AssertionFailedError: Some of your tests failed when run against our correct implementation: 10 tests ran with 1 failure in 3 ms.
java.lang.AssertionError: expected graph size equals to 0
    ...
    at twitter.SocialNetworkTest.testGuessFollowsGraphInvalidMentionNotAuthor(SocialNetworkTest.java:83)
    ...
----
	at twitter.staff.TestHelpers.assertSuccess(TestHelpers.java:50)
	at twitter.staff.SocialNetworkTestRunner.yourTests_staffGoodImpl_guessFollowsGraphReturnsNoEmptyNodes(SocialNetworkTestRunner.java:34)
	at java.base/jdk.internal.reflect.NativeMethodAccessorImpl.invoke0(Native Method)
	at java.base/jdk.internal.reflect.NativeMethodAccessorImpl.invoke(NativeMethodAccessorImpl.java:77)
	at java.base/jdk.internal.reflect.DelegatingMethodAccessorImpl.invoke(DelegatingMethodAccessorImpl.java:43)
</failure>

      </testcase>

      <testcase classname="twitter.staff.SocialNetworkTestRunner" name="yourTests_staffBadImpl_guessFollowsGraphFollowsInWrongDirectionBug" time="0.003" />

      <testcase classname="twitter.staff.SocialNetworkTestRunner" name="yourTests_staffBadImpl_guessFollowsGraphAddsNonExistentUsersBug" time="0.005" />

      <testcase classname="twitter.staff.SocialNetworkTestRunner" name="yourTests_staffGoodImpl_guessFollowsGraphBidirectionalFollowing" time="0.006">
          <failure message="Some of your tests failed when run against our correct implementation: 10 tests ran with 4 failures in 3 ms.&#xa;java.lang.AssertionError: expected empty graph&#xd;&#xa;    ...&#xd;&#xa;    at twitter.SocialNetworkTest.testGuessFollowsGraphNoMention(SocialNetworkTest.java:59)&#xd;&#xa;    ...&#xd;&#xa;java.lang.AssertionError: expected graph size equals to 0&#xd;&#xa;    ...&#xd;&#xa;    at twitter.SocialNetworkTest.testGuessFollowsGraphInvalidMentionNotAuthor(SocialNetworkTest.java:83)&#xd;&#xa;    ...&#xd;&#xa;java.lang.AssertionError: expected graph size equals to 1&#xd;&#xa;    ...&#xd;&#xa;    at twitter.SocialNetworkTest.testGuessFollowsGraphCaseInsensetive(SocialNetworkTest.java:98)&#xd;&#xa;    ...&#xd;&#xa;java.lang.AssertionError: expected graph size equals to 0&#xd;&#xa;    ...&#xd;&#xa;    at twitter.SocialNetworkTest.testGuessFollowsGraphInvalidSelfMention(SocialNetworkTest.java:90)&#xd;&#xa;    ...&#xa;----" type="junit.framework.AssertionFailedError">junit.framework.AssertionFailedError: Some of your tests failed when run against our correct implementation: 10 tests ran with 4 failures in 3 ms.
java.lang.AssertionError: expected empty graph
    ...
    at twitter.SocialNetworkTest.testGuessFollowsGraphNoMention(SocialNetworkTest.java:59)
    ...
java.lang.AssertionError: expected graph size equals to 0
    ...
    at twitter.SocialNetworkTest.testGuessFollowsGraphInvalidMentionNotAuthor(SocialNetworkTest.java:83)
    ...
java.lang.AssertionError: expected graph size equals to 1
    ...
    at twitter.SocialNetworkTest.testGuessFollowsGraphCaseInsensetive(SocialNetworkTest.java:98)
    ...
java.lang.AssertionError: expected graph size equals to 0
    ...
    at twitter.SocialNetworkTest.testGuessFollowsGraphInvalidSelfMention(SocialNetworkTest.java:90)
    ...
----
	at twitter.staff.TestHelpers.assertSuccess(TestHelpers.java:50)
	at twitter.staff.SocialNetworkTestRunner.yourTests_staffGoodImpl_guessFollowsGraphBidirectionalFollowing(SocialNetworkTestRunner.java:44)
	at java.base/jdk.internal.reflect.NativeMethodAccessorImpl.invoke0(Native Method)
	at java.base/jdk.internal.reflect.NativeMethodAccessorImpl.invoke(NativeMethodAccessorImpl.java:77)
	at java.base/jdk.internal.reflect.DelegatingMethodAccessorImpl.invoke(DelegatingMethodAccessorImpl.java:43)
</failure>

      </testcase>

      <testcase classname="twitter.staff.SocialNetworkTestRunner" name="yourTests_staffGoodImpl_influencersSameRankArbitraryOrder1" time="0.005">
          <failure message="Some of your tests failed when run against our correct implementation: 10 tests ran with 4 failures in 1 ms.&#xa;java.lang.AssertionError: expected empty graph&#xd;&#xa;    ...&#xd;&#xa;    at twitter.SocialNetworkTest.testGuessFollowsGraphNoMention(SocialNetworkTest.java:59)&#xd;&#xa;    ...&#xd;&#xa;java.lang.AssertionError: expected graph size equals to 0&#xd;&#xa;    ...&#xd;&#xa;    at twitter.SocialNetworkTest.testGuessFollowsGraphInvalidMentionNotAuthor(SocialNetworkTest.java:83)&#xd;&#xa;    ...&#xd;&#xa;java.lang.AssertionError: expected graph size equals to 1&#xd;&#xa;    ...&#xd;&#xa;    at twitter.SocialNetworkTest.testGuessFollowsGraphCaseInsensetive(SocialNetworkTest.java:98)&#xd;&#xa;    ...&#xd;&#xa;java.lang.AssertionError: expected graph size equals to 0&#xd;&#xa;    ...&#xd;&#xa;    at twitter.SocialNetworkTest.testGuessFollowsGraphInvalidSelfMention(SocialNetworkTest.java:90)&#xd;&#xa;    ...&#xa;----" type="junit.framework.AssertionFailedError">junit.framework.AssertionFailedError: Some of your tests failed when run against our correct implementation: 10 tests ran with 4 failures in 1 ms.
java.lang.AssertionError: expected empty graph
    ...
    at twitter.SocialNetworkTest.testGuessFollowsGraphNoMention(SocialNetworkTest.java:59)
    ...
java.lang.AssertionError: expected graph size equals to 0
    ...
    at twitter.SocialNetworkTest.testGuessFollowsGraphInvalidMentionNotAuthor(SocialNetworkTest.java:83)
    ...
java.lang.AssertionError: expected graph size equals to 1
    ...
    at twitter.SocialNetworkTest.testGuessFollowsGraphCaseInsensetive(SocialNetworkTest.java:98)
    ...
java.lang.AssertionError: expected graph size equals to 0
    ...
    at twitter.SocialNetworkTest.testGuessFollowsGraphInvalidSelfMention(SocialNetworkTest.java:90)
    ...
----
	at twitter.staff.TestHelpers.assertSuccess(TestHelpers.java:50)
	at twitter.staff.SocialNetworkTestRunner.yourTests_staffGoodImpl_influencersSameRankArbitraryOrder1(SocialNetworkTestRunner.java:49)
	at java.base/jdk.internal.reflect.NativeMethodAccessorImpl.invoke0(Native Method)
	at java.base/jdk.internal.reflect.NativeMethodAccessorImpl.invoke(NativeMethodAccessorImpl.java:77)
	at java.base/jdk.internal.reflect.DelegatingMethodAccessorImpl.invoke(DelegatingMethodAccessorImpl.java:43)
</failure>

      </testcase>

      <testcase classname="twitter.staff.SocialNetworkTestRunner" name="yourTests_staffGoodImpl_influencersSameRankArbitraryOrder2" time="0.005">
          <failure message="Some of your tests failed when run against our correct implementation: 10 tests ran with 4 failures in 2 ms.&#xa;java.lang.AssertionError: expected empty graph&#xd;&#xa;    ...&#xd;&#xa;    at twitter.SocialNetworkTest.testGuessFollowsGraphNoMention(SocialNetworkTest.java:59)&#xd;&#xa;    ...&#xd;&#xa;java.lang.AssertionError: expected graph size equals to 0&#xd;&#xa;    ...&#xd;&#xa;    at twitter.SocialNetworkTest.testGuessFollowsGraphInvalidMentionNotAuthor(SocialNetworkTest.java:83)&#xd;&#xa;    ...&#xd;&#xa;java.lang.AssertionError: expected graph size equals to 1&#xd;&#xa;    ...&#xd;&#xa;    at twitter.SocialNetworkTest.testGuessFollowsGraphCaseInsensetive(SocialNetworkTest.java:98)&#xd;&#xa;    ...&#xd;&#xa;java.lang.AssertionError: expected graph size equals to 0&#xd;&#xa;    ...&#xd;&#xa;    at twitter.SocialNetworkTest.testGuessFollowsGraphInvalidSelfMention(SocialNetworkTest.java:90)&#xd;&#xa;    ...&#xa;----" type="junit.framework.AssertionFailedError">junit.framework.AssertionFailedError: Some of your tests failed when run against our correct implementation: 10 tests ran with 4 failures in 2 ms.
java.lang.AssertionError: expected empty graph
    ...
    at twitter.SocialNetworkTest.testGuessFollowsGraphNoMention(SocialNetworkTest.java:59)
    ...
java.lang.AssertionError: expected graph size equals to 0
    ...
    at twitter.SocialNetworkTest.testGuessFollowsGraphInvalidMentionNotAuthor(SocialNetworkTest.java:83)
    ...
java.lang.AssertionError: expected graph size equals to 1
    ...
    at twitter.SocialNetworkTest.testGuessFollowsGraphCaseInsensetive(SocialNetworkTest.java:98)
    ...
java.lang.AssertionError: expected graph size equals to 0
    ...
    at twitter.SocialNetworkTest.testGuessFollowsGraphInvalidSelfMention(SocialNetworkTest.java:90)
    ...
----
	at twitter.staff.TestHelpers.assertSuccess(TestHelpers.java:50)
	at twitter.staff.SocialNetworkTestRunner.yourTests_staffGoodImpl_influencersSameRankArbitraryOrder2(SocialNetworkTestRunner.java:54)
	at java.base/jdk.internal.reflect.NativeMethodAccessorImpl.invoke0(Native Method)
	at java.base/jdk.internal.reflect.NativeMethodAccessorImpl.invoke(NativeMethodAccessorImpl.java:77)
	at java.base/jdk.internal.reflect.DelegatingMethodAccessorImpl.invoke(DelegatingMethodAccessorImpl.java:43)
</failure>

      </testcase>

      <testcase classname="twitter.staff.SocialNetworkTestRunner" name="yourTests_staffBadImpl_guessFollowsGraphMustBeCaseInsensitiveBug" time="0.003" />

      <testcase classname="twitter.staff.SocialNetworkTestRunner" name="yourTests_staffBadImpl_guessFollowsGraphSelfMentionBug" time="0.003" />

      <testcase classname="twitter.staff.SocialNetworkTestRunner" name="yourTests_staffBadImpl_influencersPrunesEmptyNodesBug" time="0.003" />

      <system-out><![CDATA[]]></system-out>

      <system-err><![CDATA[]]></system-err>

  </testsuite>
</testsuites>
